0 info it worked if it ends with ok
1 verbose cli [ 'C:\\Program Files\\nodejs\\node.exe',
1 verbose cli   'C:\\Program Files\\nodejs\\node_modules\\npm\\bin\\npm-cli.js',
1 verbose cli   'install' ]
2 info using npm@3.8.9
3 info using node@v6.2.0
4 silly loadCurrentTree Starting
5 silly install loadCurrentTree
6 silly install readLocalPackageData
7 silly install normalizeTree
8 silly loadCurrentTree Finishing
9 silly loadIdealTree Starting
10 silly install loadIdealTree
11 silly cloneCurrentTree Starting
12 silly install cloneCurrentTreeToIdealTree
13 silly cloneCurrentTree Finishing
14 silly loadShrinkwrap Starting
15 silly install loadShrinkwrap
16 silly loadShrinkwrap Finishing
17 silly loadAllDepsIntoIdealTree Starting
18 silly install loadAllDepsIntoIdealTree
19 silly fetchNamedPackageData ini
20 silly mapToRegistry name ini
21 silly mapToRegistry using default registry
22 silly mapToRegistry registry https://registry.npmjs.org/
23 silly mapToRegistry data Result {
23 silly mapToRegistry   raw: 'ini',
23 silly mapToRegistry   scope: null,
23 silly mapToRegistry   name: 'ini',
23 silly mapToRegistry   rawSpec: '',
23 silly mapToRegistry   spec: 'latest',
23 silly mapToRegistry   type: 'tag' }
24 silly mapToRegistry uri https://registry.npmjs.org/ini
25 verbose request uri https://registry.npmjs.org/ini
26 verbose request no auth needed
27 info attempt registry request try #1 at 20:38:57
28 verbose request id 91989f86fe0c04b9
29 verbose etag W/"5832c936-3c9d"
30 verbose lastModified Mon, 21 Nov 2016 10:15:18 GMT
31 http request GET https://registry.npmjs.org/ini
32 http 304 https://registry.npmjs.org/ini
33 verbose headers { date: 'Wed, 25 Jan 2017 15:39:05 GMT',
33 verbose headers   via: '1.1 varnish',
33 verbose headers   'cache-control': 'max-age=300',
33 verbose headers   etag: 'W/"5832c936-3c9d"',
33 verbose headers   age: '5',
33 verbose headers   connection: 'keep-alive',
33 verbose headers   'x-served-by': 'cache-bma7028-BMA',
33 verbose headers   'x-cache': 'HIT',
33 verbose headers   'x-cache-hits': '1',
33 verbose headers   'x-timer': 'S1485358745.078624,VS0,VE0',
33 verbose headers   vary: 'Accept-Encoding' }
34 silly get cb [ 304,
34 silly get   { date: 'Wed, 25 Jan 2017 15:39:05 GMT',
34 silly get     via: '1.1 varnish',
34 silly get     'cache-control': 'max-age=300',
34 silly get     etag: 'W/"5832c936-3c9d"',
34 silly get     age: '5',
34 silly get     connection: 'keep-alive',
34 silly get     'x-served-by': 'cache-bma7028-BMA',
34 silly get     'x-cache': 'HIT',
34 silly get     'x-cache-hits': '1',
34 silly get     'x-timer': 'S1485358745.078624,VS0,VE0',
34 silly get     vary: 'Accept-Encoding' } ]
35 verbose etag https://registry.npmjs.org/ini from cache
36 verbose get saving ini to C:\Users\User\AppData\Roaming\npm-cache\registry.npmjs.org\ini\.cache.json
37 verbose correctMkdir C:\Users\User\AppData\Roaming\npm-cache correctMkdir not in flight; initializing
38 silly resolveWithNewModule ini@1.3.4 checking installable status
39 silly cache add args [ 'ini@^1.3.4', null ]
40 verbose cache add spec ini@^1.3.4
41 silly cache add parsed spec Result {
41 silly cache add   raw: 'ini@^1.3.4',
41 silly cache add   scope: null,
41 silly cache add   name: 'ini',
41 silly cache add   rawSpec: '^1.3.4',
41 silly cache add   spec: '>=1.3.4 <2.0.0',
41 silly cache add   type: 'range' }
42 silly addNamed ini@>=1.3.4 <2.0.0
43 verbose addNamed ">=1.3.4 <2.0.0" is a valid semver range for ini
44 silly addNameRange { name: 'ini', range: '>=1.3.4 <2.0.0', hasData: false }
45 silly mapToRegistry name ini
46 silly mapToRegistry using default registry
47 silly mapToRegistry registry https://registry.npmjs.org/
48 silly mapToRegistry data Result {
48 silly mapToRegistry   raw: 'ini',
48 silly mapToRegistry   scope: null,
48 silly mapToRegistry   name: 'ini',
48 silly mapToRegistry   rawSpec: '',
48 silly mapToRegistry   spec: 'latest',
48 silly mapToRegistry   type: 'tag' }
49 silly mapToRegistry uri https://registry.npmjs.org/ini
50 verbose addNameRange registry:https://registry.npmjs.org/ini not in flight; fetching
51 verbose get https://registry.npmjs.org/ini not expired, no request
52 silly addNameRange number 2 { name: 'ini', range: '>=1.3.4 <2.0.0', hasData: true }
53 silly addNameRange versions [ 'ini',
53 silly addNameRange   [ '1.0.0',
53 silly addNameRange     '1.0.1',
53 silly addNameRange     '1.0.2',
53 silly addNameRange     '1.0.3',
53 silly addNameRange     '1.0.4',
53 silly addNameRange     '1.0.5',
53 silly addNameRange     '1.1.0',
53 silly addNameRange     '1.2.0',
53 silly addNameRange     '1.2.1',
53 silly addNameRange     '1.3.0',
53 silly addNameRange     '1.3.1',
53 silly addNameRange     '1.3.2',
53 silly addNameRange     '1.3.3',
53 silly addNameRange     '1.3.4' ] ]
54 silly addNamed ini@1.3.4
55 verbose addNamed "1.3.4" is a plain semver version for ini
56 silly cache afterAdd ini@1.3.4
57 verbose afterAdd C:\Users\User\AppData\Roaming\npm-cache\ini\1.3.4\package\package.json not in flight; writing
58 verbose correctMkdir C:\Users\User\AppData\Roaming\npm-cache correctMkdir not in flight; initializing
59 verbose afterAdd C:\Users\User\AppData\Roaming\npm-cache\ini\1.3.4\package\package.json written
60 silly fetchNamedPackageData fsevents
61 silly mapToRegistry name fsevents
62 silly mapToRegistry using default registry
63 silly mapToRegistry registry https://registry.npmjs.org/
64 silly mapToRegistry data Result {
64 silly mapToRegistry   raw: 'fsevents',
64 silly mapToRegistry   scope: null,
64 silly mapToRegistry   name: 'fsevents',
64 silly mapToRegistry   rawSpec: '',
64 silly mapToRegistry   spec: 'latest',
64 silly mapToRegistry   type: 'tag' }
65 silly mapToRegistry uri https://registry.npmjs.org/fsevents
66 verbose request uri https://registry.npmjs.org/fsevents
67 verbose request no auth needed
68 info attempt registry request try #1 at 20:38:58
69 verbose etag W/"5886285d-c238"
70 verbose lastModified Mon, 23 Jan 2017 15:59:25 GMT
71 http request GET https://registry.npmjs.org/fsevents
72 http 304 https://registry.npmjs.org/fsevents
73 verbose headers { date: 'Wed, 25 Jan 2017 15:39:05 GMT',
73 verbose headers   via: '1.1 varnish',
73 verbose headers   'cache-control': 'max-age=300',
73 verbose headers   etag: 'W/"5886285d-c238"',
73 verbose headers   age: '218',
73 verbose headers   connection: 'keep-alive',
73 verbose headers   'x-served-by': 'cache-bma7028-BMA',
73 verbose headers   'x-cache': 'HIT',
73 verbose headers   'x-cache-hits': '18',
73 verbose headers   'x-timer': 'S1485358745.517698,VS0,VE0',
73 verbose headers   vary: 'Accept-Encoding' }
74 silly get cb [ 304,
74 silly get   { date: 'Wed, 25 Jan 2017 15:39:05 GMT',
74 silly get     via: '1.1 varnish',
74 silly get     'cache-control': 'max-age=300',
74 silly get     etag: 'W/"5886285d-c238"',
74 silly get     age: '218',
74 silly get     connection: 'keep-alive',
74 silly get     'x-served-by': 'cache-bma7028-BMA',
74 silly get     'x-cache': 'HIT',
74 silly get     'x-cache-hits': '18',
74 silly get     'x-timer': 'S1485358745.517698,VS0,VE0',
74 silly get     vary: 'Accept-Encoding' } ]
75 verbose etag https://registry.npmjs.org/fsevents from cache
76 verbose get saving fsevents to C:\Users\User\AppData\Roaming\npm-cache\registry.npmjs.org\fsevents\.cache.json
77 verbose correctMkdir C:\Users\User\AppData\Roaming\npm-cache correctMkdir not in flight; initializing
78 silly resolveWithNewModule fsevents@1.0.17 checking installable status
79 silly loadAllDepsIntoIdealTree Finishing
80 silly idealTree:prePrune lazy-differ@0.0.1
80 silly idealTree:prePrune +-- abab@1.0.3
80 silly idealTree:prePrune +-- acorn-globals@1.0.9
80 silly idealTree:prePrune | `-- acorn@2.7.0
80 silly idealTree:prePrune +-- acorn-jsx@3.0.1
80 silly idealTree:prePrune | `-- acorn@3.3.0
80 silly idealTree:prePrune +-- acorn@4.0.4
80 silly idealTree:prePrune +-- ajv-keywords@1.5.1
80 silly idealTree:prePrune +-- ajv@4.11.2
80 silly idealTree:prePrune +-- align-text@0.1.4
80 silly idealTree:prePrune +-- amdefine@1.0.1
80 silly idealTree:prePrune +-- ansi-escapes@1.4.0
80 silly idealTree:prePrune +-- ansi-regex@2.1.1
80 silly idealTree:prePrune +-- ansi-styles@2.2.1
80 silly idealTree:prePrune +-- ansicolors@0.2.1
80 silly idealTree:prePrune +-- anymatch@1.3.0
80 silly idealTree:prePrune +-- append-transform@0.4.0
80 silly idealTree:prePrune +-- argparse@1.0.9
80 silly idealTree:prePrune +-- arr-diff@2.0.0
80 silly idealTree:prePrune +-- arr-flatten@1.0.1
80 silly idealTree:prePrune +-- array-equal@1.0.0
80 silly idealTree:prePrune +-- array-union@1.0.2
80 silly idealTree:prePrune +-- array-uniq@1.0.3
80 silly idealTree:prePrune +-- array-unique@0.2.1
80 silly idealTree:prePrune +-- arrify@1.0.1
80 silly idealTree:prePrune +-- asn1@0.2.3
80 silly idealTree:prePrune +-- assert-plus@0.2.0
80 silly idealTree:prePrune +-- async-each@1.0.1
80 silly idealTree:prePrune +-- async@2.1.4
80 silly idealTree:prePrune +-- asynckit@0.4.0
80 silly idealTree:prePrune +-- aws-sign2@0.6.0
80 silly idealTree:prePrune +-- aws4@1.5.0
80 silly idealTree:prePrune +-- babel-cli@6.22.2
80 silly idealTree:prePrune +-- babel-code-frame@6.22.0
80 silly idealTree:prePrune +-- babel-core@6.22.1
80 silly idealTree:prePrune +-- babel-eslint@7.1.1
80 silly idealTree:prePrune +-- babel-generator@6.22.0
80 silly idealTree:prePrune +-- babel-helper-bindify-decorators@6.22.0
80 silly idealTree:prePrune +-- babel-helper-builder-binary-assignment-operator-visitor@6.22.0
80 silly idealTree:prePrune +-- babel-helper-call-delegate@6.22.0
80 silly idealTree:prePrune +-- babel-helper-define-map@6.22.0
80 silly idealTree:prePrune +-- babel-helper-explode-assignable-expression@6.22.0
80 silly idealTree:prePrune +-- babel-helper-explode-class@6.22.0
80 silly idealTree:prePrune +-- babel-helper-function-name@6.22.0
80 silly idealTree:prePrune +-- babel-helper-get-function-arity@6.22.0
80 silly idealTree:prePrune +-- babel-helper-hoist-variables@6.22.0
80 silly idealTree:prePrune +-- babel-helper-optimise-call-expression@6.22.0
80 silly idealTree:prePrune +-- babel-helper-regex@6.22.0
80 silly idealTree:prePrune +-- babel-helper-remap-async-to-generator@6.22.0
80 silly idealTree:prePrune +-- babel-helper-replace-supers@6.22.0
80 silly idealTree:prePrune +-- babel-helpers@6.22.0
80 silly idealTree:prePrune +-- babel-jest@18.0.0
80 silly idealTree:prePrune +-- babel-messages@6.22.0
80 silly idealTree:prePrune +-- babel-plugin-check-es2015-constants@6.22.0
80 silly idealTree:prePrune +-- babel-plugin-istanbul@3.1.2
80 silly idealTree:prePrune +-- babel-plugin-jest-hoist@18.0.0
80 silly idealTree:prePrune +-- babel-plugin-syntax-async-functions@6.13.0
80 silly idealTree:prePrune +-- babel-plugin-syntax-async-generators@6.13.0
80 silly idealTree:prePrune +-- babel-plugin-syntax-class-constructor-call@6.18.0
80 silly idealTree:prePrune +-- babel-plugin-syntax-class-properties@6.13.0
80 silly idealTree:prePrune +-- babel-plugin-syntax-decorators@6.13.0
80 silly idealTree:prePrune +-- babel-plugin-syntax-do-expressions@6.13.0
80 silly idealTree:prePrune +-- babel-plugin-syntax-dynamic-import@6.18.0
80 silly idealTree:prePrune +-- babel-plugin-syntax-exponentiation-operator@6.13.0
80 silly idealTree:prePrune +-- babel-plugin-syntax-export-extensions@6.13.0
80 silly idealTree:prePrune +-- babel-plugin-syntax-flow@6.18.0
80 silly idealTree:prePrune +-- babel-plugin-syntax-function-bind@6.13.0
80 silly idealTree:prePrune +-- babel-plugin-syntax-object-rest-spread@6.13.0
80 silly idealTree:prePrune +-- babel-plugin-syntax-trailing-function-commas@6.22.0
80 silly idealTree:prePrune +-- babel-plugin-transform-async-generator-functions@6.22.0
80 silly idealTree:prePrune +-- babel-plugin-transform-async-to-generator@6.22.0
80 silly idealTree:prePrune +-- babel-plugin-transform-class-constructor-call@6.22.0
80 silly idealTree:prePrune +-- babel-plugin-transform-class-properties@6.22.0
80 silly idealTree:prePrune +-- babel-plugin-transform-decorators@6.22.0
80 silly idealTree:prePrune +-- babel-plugin-transform-do-expressions@6.22.0
80 silly idealTree:prePrune +-- babel-plugin-transform-es2015-arrow-functions@6.22.0
80 silly idealTree:prePrune +-- babel-plugin-transform-es2015-block-scoped-functions@6.22.0
80 silly idealTree:prePrune +-- babel-plugin-transform-es2015-block-scoping@6.22.0
80 silly idealTree:prePrune +-- babel-plugin-transform-es2015-classes@6.22.0
80 silly idealTree:prePrune +-- babel-plugin-transform-es2015-computed-properties@6.22.0
80 silly idealTree:prePrune +-- babel-plugin-transform-es2015-destructuring@6.22.0
80 silly idealTree:prePrune +-- babel-plugin-transform-es2015-duplicate-keys@6.22.0
80 silly idealTree:prePrune +-- babel-plugin-transform-es2015-for-of@6.22.0
80 silly idealTree:prePrune +-- babel-plugin-transform-es2015-function-name@6.22.0
80 silly idealTree:prePrune +-- babel-plugin-transform-es2015-literals@6.22.0
80 silly idealTree:prePrune +-- babel-plugin-transform-es2015-modules-amd@6.22.0
80 silly idealTree:prePrune +-- babel-plugin-transform-es2015-modules-commonjs@6.22.0
80 silly idealTree:prePrune +-- babel-plugin-transform-es2015-modules-systemjs@6.22.0
80 silly idealTree:prePrune +-- babel-plugin-transform-es2015-modules-umd@6.22.0
80 silly idealTree:prePrune +-- babel-plugin-transform-es2015-object-super@6.22.0
80 silly idealTree:prePrune +-- babel-plugin-transform-es2015-parameters@6.22.0
80 silly idealTree:prePrune +-- babel-plugin-transform-es2015-shorthand-properties@6.22.0
80 silly idealTree:prePrune +-- babel-plugin-transform-es2015-spread@6.22.0
80 silly idealTree:prePrune +-- babel-plugin-transform-es2015-sticky-regex@6.22.0
80 silly idealTree:prePrune +-- babel-plugin-transform-es2015-template-literals@6.22.0
80 silly idealTree:prePrune +-- babel-plugin-transform-es2015-typeof-symbol@6.22.0
80 silly idealTree:prePrune +-- babel-plugin-transform-es2015-unicode-regex@6.22.0
80 silly idealTree:prePrune +-- babel-plugin-transform-exponentiation-operator@6.22.0
80 silly idealTree:prePrune +-- babel-plugin-transform-export-extensions@6.22.0
80 silly idealTree:prePrune +-- babel-plugin-transform-flow-strip-types@6.22.0
80 silly idealTree:prePrune +-- babel-plugin-transform-function-bind@6.22.0
80 silly idealTree:prePrune +-- babel-plugin-transform-object-rest-spread@6.22.0
80 silly idealTree:prePrune +-- babel-plugin-transform-regenerator@6.22.0
80 silly idealTree:prePrune +-- babel-plugin-transform-runtime@6.22.0
80 silly idealTree:prePrune +-- babel-plugin-transform-strict-mode@6.22.0
80 silly idealTree:prePrune +-- babel-polyfill@6.22.0
80 silly idealTree:prePrune +-- babel-preset-env@1.1.8
80 silly idealTree:prePrune +-- babel-preset-jest@18.0.0
80 silly idealTree:prePrune +-- babel-preset-stage-0@6.22.0
80 silly idealTree:prePrune +-- babel-preset-stage-1@6.22.0
80 silly idealTree:prePrune +-- babel-preset-stage-2@6.22.0
80 silly idealTree:prePrune +-- babel-preset-stage-3@6.22.0
80 silly idealTree:prePrune +-- babel-register@6.22.0
80 silly idealTree:prePrune +-- babel-runtime@6.22.0
80 silly idealTree:prePrune +-- babel-template@6.22.0
80 silly idealTree:prePrune +-- babel-traverse@6.22.1
80 silly idealTree:prePrune +-- babel-types@6.22.0
80 silly idealTree:prePrune +-- babylon@6.15.0
80 silly idealTree:prePrune +-- balanced-match@0.4.2
80 silly idealTree:prePrune +-- bcrypt-pbkdf@1.0.0
80 silly idealTree:prePrune +-- binary-extensions@1.8.0
80 silly idealTree:prePrune +-- bluebird@3.4.7
80 silly idealTree:prePrune +-- boom@2.10.1
80 silly idealTree:prePrune +-- brace-expansion@1.1.6
80 silly idealTree:prePrune +-- braces@1.8.5
80 silly idealTree:prePrune +-- browser-resolve@1.11.2
80 silly idealTree:prePrune | `-- resolve@1.1.7
80 silly idealTree:prePrune +-- browserslist@1.6.0
80 silly idealTree:prePrune +-- bser@1.0.2
80 silly idealTree:prePrune +-- buffer-shims@1.0.0
80 silly idealTree:prePrune +-- builtin-modules@1.1.1
80 silly idealTree:prePrune +-- caller-path@0.1.0
80 silly idealTree:prePrune +-- callsites@0.2.0
80 silly idealTree:prePrune +-- camelcase@3.0.0
80 silly idealTree:prePrune +-- caniuse-db@1.0.30000613
80 silly idealTree:prePrune +-- cardinal@1.0.0
80 silly idealTree:prePrune +-- caseless@0.11.0
80 silly idealTree:prePrune +-- center-align@0.1.3
80 silly idealTree:prePrune +-- chalk@1.1.3
80 silly idealTree:prePrune +-- charenc@0.0.2
80 silly idealTree:prePrune +-- chokidar@1.6.1
80 silly idealTree:prePrune +-- ci-info@1.0.0
80 silly idealTree:prePrune +-- circular-json@0.3.1
80 silly idealTree:prePrune +-- cli-cursor@1.0.2
80 silly idealTree:prePrune +-- cli-table@0.3.1
80 silly idealTree:prePrune | `-- colors@1.0.3
80 silly idealTree:prePrune +-- cli-usage@0.1.4
80 silly idealTree:prePrune +-- cli-width@2.1.0
80 silly idealTree:prePrune +-- cliui@3.2.0
80 silly idealTree:prePrune +-- co@4.6.0
80 silly idealTree:prePrune +-- code-point-at@1.1.0
80 silly idealTree:prePrune +-- colors@1.1.2
80 silly idealTree:prePrune +-- combined-stream@1.0.5
80 silly idealTree:prePrune +-- commander@2.9.0
80 silly idealTree:prePrune +-- concat-map@0.0.1
80 silly idealTree:prePrune +-- concat-stream@1.6.0
80 silly idealTree:prePrune +-- contains-path@0.1.0
80 silly idealTree:prePrune +-- content-type-parser@1.0.1
80 silly idealTree:prePrune +-- convert-source-map@1.3.0
80 silly idealTree:prePrune +-- core-js@2.4.1
80 silly idealTree:prePrune +-- core-util-is@1.0.2
80 silly idealTree:prePrune +-- crypt@0.0.2
80 silly idealTree:prePrune +-- cryptiles@2.0.5
80 silly idealTree:prePrune +-- cssom@0.3.2
80 silly idealTree:prePrune +-- cssstyle@0.2.37
80 silly idealTree:prePrune +-- d@0.1.1
80 silly idealTree:prePrune +-- dashdash@1.14.1
80 silly idealTree:prePrune | `-- assert-plus@1.0.0
80 silly idealTree:prePrune +-- debug@2.6.0
80 silly idealTree:prePrune +-- decamelize@1.2.0
80 silly idealTree:prePrune +-- deep-is@0.1.3
80 silly idealTree:prePrune +-- default-require-extensions@1.0.0
80 silly idealTree:prePrune | `-- strip-bom@2.0.0
80 silly idealTree:prePrune +-- del@2.2.2
80 silly idealTree:prePrune +-- delayed-stream@1.0.0
80 silly idealTree:prePrune +-- detect-indent@4.0.0
80 silly idealTree:prePrune +-- diff@3.2.0
80 silly idealTree:prePrune +-- doctrine@1.5.0
80 silly idealTree:prePrune +-- ecc-jsbn@0.1.1
80 silly idealTree:prePrune +-- electron-to-chromium@1.2.0
80 silly idealTree:prePrune +-- errno@0.1.4
80 silly idealTree:prePrune +-- error-ex@1.3.0
80 silly idealTree:prePrune +-- es5-ext@0.10.12
80 silly idealTree:prePrune +-- es6-iterator@2.0.0
80 silly idealTree:prePrune +-- es6-map@0.1.4
80 silly idealTree:prePrune +-- es6-set@0.1.4
80 silly idealTree:prePrune +-- es6-symbol@3.1.0
80 silly idealTree:prePrune +-- es6-weak-map@2.0.1
80 silly idealTree:prePrune +-- escape-string-regexp@1.0.5
80 silly idealTree:prePrune +-- escodegen@1.8.1
80 silly idealTree:prePrune | +-- estraverse@1.9.3
80 silly idealTree:prePrune | `-- source-map@0.2.0
80 silly idealTree:prePrune +-- escope@3.6.0
80 silly idealTree:prePrune +-- eslint-config-airbnb-base@11.0.1
80 silly idealTree:prePrune +-- eslint-config-airbnb@14.0.0
80 silly idealTree:prePrune +-- eslint-import-resolver-node@0.2.3
80 silly idealTree:prePrune +-- eslint-module-utils@2.0.0
80 silly idealTree:prePrune | +-- debug@2.2.0
80 silly idealTree:prePrune | `-- ms@0.7.1
80 silly idealTree:prePrune +-- eslint-plugin-flowtype@2.30.0
80 silly idealTree:prePrune +-- eslint-plugin-import@2.2.0
80 silly idealTree:prePrune +-- eslint@3.14.0
80 silly idealTree:prePrune | `-- user-home@2.0.0
80 silly idealTree:prePrune +-- espree@3.3.2
80 silly idealTree:prePrune +-- esprima@2.7.3
80 silly idealTree:prePrune +-- esrecurse@4.1.0
80 silly idealTree:prePrune | `-- estraverse@4.1.1
80 silly idealTree:prePrune +-- estraverse@4.2.0
80 silly idealTree:prePrune +-- esutils@2.0.2
80 silly idealTree:prePrune +-- event-emitter@0.3.4
80 silly idealTree:prePrune +-- exec-sh@0.2.0
80 silly idealTree:prePrune +-- exit-hook@1.1.1
80 silly idealTree:prePrune +-- expand-brackets@0.1.5
80 silly idealTree:prePrune +-- expand-range@1.8.2
80 silly idealTree:prePrune +-- extend@3.0.0
80 silly idealTree:prePrune +-- extglob@0.3.2
80 silly idealTree:prePrune +-- extsprintf@1.0.2
80 silly idealTree:prePrune +-- fast-levenshtein@2.0.6
80 silly idealTree:prePrune +-- fb-watchman@1.9.0
80 silly idealTree:prePrune +-- figures@1.7.0
80 silly idealTree:prePrune +-- file-entry-cache@2.0.0
80 silly idealTree:prePrune +-- filename-regex@2.0.0
80 silly idealTree:prePrune +-- fileset@2.0.3
80 silly idealTree:prePrune +-- fill-range@2.2.3
80 silly idealTree:prePrune +-- find-up@1.1.2
80 silly idealTree:prePrune +-- flat-cache@1.2.2
80 silly idealTree:prePrune +-- flow-bin@0.38.0
80 silly idealTree:prePrune +-- flow-typed@2.0.0
80 silly idealTree:prePrune | +-- rx-lite@4.0.8
80 silly idealTree:prePrune | `-- table@3.7.8
80 silly idealTree:prePrune +-- for-in@0.1.6
80 silly idealTree:prePrune +-- for-own@0.1.4
80 silly idealTree:prePrune +-- forever-agent@0.6.1
80 silly idealTree:prePrune +-- form-data@2.1.2
80 silly idealTree:prePrune +-- fs-readdir-recursive@1.0.0
80 silly idealTree:prePrune +-- fs.realpath@1.0.0
80 silly idealTree:prePrune +-- function-bind@1.1.0
80 silly idealTree:prePrune +-- generate-function@2.0.0
80 silly idealTree:prePrune +-- generate-object-property@1.2.0
80 silly idealTree:prePrune +-- get-caller-file@1.0.2
80 silly idealTree:prePrune +-- getpass@0.1.6
80 silly idealTree:prePrune | `-- assert-plus@1.0.0
80 silly idealTree:prePrune +-- github@0.2.4
80 silly idealTree:prePrune +-- glob-base@0.3.0
80 silly idealTree:prePrune +-- glob-parent@2.0.0
80 silly idealTree:prePrune +-- glob@7.1.1
80 silly idealTree:prePrune +-- globals@9.14.0
80 silly idealTree:prePrune +-- globby@5.0.0
80 silly idealTree:prePrune +-- graceful-fs@4.1.11
80 silly idealTree:prePrune +-- graceful-readlink@1.0.1
80 silly idealTree:prePrune +-- growly@1.3.0
80 silly idealTree:prePrune +-- handlebars@4.0.6
80 silly idealTree:prePrune | +-- async@1.5.2
80 silly idealTree:prePrune | `-- source-map@0.4.4
80 silly idealTree:prePrune +-- har-validator@2.0.6
80 silly idealTree:prePrune +-- has-ansi@2.0.0
80 silly idealTree:prePrune +-- has-flag@1.0.0
80 silly idealTree:prePrune +-- has@1.0.1
80 silly idealTree:prePrune +-- hawk@3.1.3
80 silly idealTree:prePrune +-- hoek@2.16.3
80 silly idealTree:prePrune +-- home-or-tmp@2.0.0
80 silly idealTree:prePrune +-- hosted-git-info@2.1.5
80 silly idealTree:prePrune +-- html-encoding-sniffer@1.0.1
80 silly idealTree:prePrune +-- http-signature@1.1.1
80 silly idealTree:prePrune +-- iconv-lite@0.4.15
80 silly idealTree:prePrune +-- ignore@3.2.0
80 silly idealTree:prePrune +-- imurmurhash@0.1.4
80 silly idealTree:prePrune +-- inflight@1.0.6
80 silly idealTree:prePrune +-- inherits@2.0.3
80 silly idealTree:prePrune +-- ini@1.3.4
80 silly idealTree:prePrune +-- inquirer@0.12.0
80 silly idealTree:prePrune +-- interpret@1.0.1
80 silly idealTree:prePrune +-- invariant@2.2.2
80 silly idealTree:prePrune +-- invert-kv@1.0.0
80 silly idealTree:prePrune +-- is-arrayish@0.2.1
80 silly idealTree:prePrune +-- is-binary-path@1.0.1
80 silly idealTree:prePrune +-- is-buffer@1.1.4
80 silly idealTree:prePrune +-- is-builtin-module@1.0.0
80 silly idealTree:prePrune +-- is-ci@1.0.10
80 silly idealTree:prePrune +-- is-dotfile@1.0.2
80 silly idealTree:prePrune +-- is-equal-shallow@0.1.3
80 silly idealTree:prePrune +-- is-extendable@0.1.1
80 silly idealTree:prePrune +-- is-extglob@1.0.0
80 silly idealTree:prePrune +-- is-finite@1.0.2
80 silly idealTree:prePrune +-- is-fullwidth-code-point@1.0.0
80 silly idealTree:prePrune +-- is-glob@2.0.1
80 silly idealTree:prePrune +-- is-my-json-valid@2.15.0
80 silly idealTree:prePrune +-- is-number@2.1.0
80 silly idealTree:prePrune +-- is-path-cwd@1.0.0
80 silly idealTree:prePrune +-- is-path-in-cwd@1.0.0
80 silly idealTree:prePrune +-- is-path-inside@1.0.0
80 silly idealTree:prePrune +-- is-posix-bracket@0.1.1
80 silly idealTree:prePrune +-- is-primitive@2.0.0
80 silly idealTree:prePrune +-- is-property@1.0.2
80 silly idealTree:prePrune +-- is-resolvable@1.0.0
80 silly idealTree:prePrune +-- is-typedarray@1.0.0
80 silly idealTree:prePrune +-- is-utf8@0.2.1
80 silly idealTree:prePrune +-- isarray@1.0.0
80 silly idealTree:prePrune +-- isexe@1.1.2
80 silly idealTree:prePrune +-- isobject@2.1.0
80 silly idealTree:prePrune +-- isstream@0.1.2
80 silly idealTree:prePrune +-- istanbul-api@1.1.1
80 silly idealTree:prePrune +-- istanbul-lib-coverage@1.0.1
80 silly idealTree:prePrune +-- istanbul-lib-hook@1.0.0
80 silly idealTree:prePrune +-- istanbul-lib-instrument@1.4.2
80 silly idealTree:prePrune +-- istanbul-lib-report@1.0.0-alpha.3
80 silly idealTree:prePrune | +-- async@1.5.2
80 silly idealTree:prePrune | `-- supports-color@3.2.3
80 silly idealTree:prePrune +-- istanbul-lib-source-maps@1.1.0
80 silly idealTree:prePrune +-- istanbul-reports@1.0.0
80 silly idealTree:prePrune +-- jest-changed-files@17.0.2
80 silly idealTree:prePrune +-- jest-config@18.1.0
80 silly idealTree:prePrune +-- jest-diff@18.1.0
80 silly idealTree:prePrune +-- jest-environment-jsdom@18.1.0
80 silly idealTree:prePrune +-- jest-environment-node@18.1.0
80 silly idealTree:prePrune +-- jest-file-exists@17.0.0
80 silly idealTree:prePrune +-- jest-haste-map@18.1.0
80 silly idealTree:prePrune +-- jest-jasmine2@18.1.0
80 silly idealTree:prePrune +-- jest-matcher-utils@18.1.0
80 silly idealTree:prePrune +-- jest-matchers@18.1.0
80 silly idealTree:prePrune +-- jest-mock@18.0.0
80 silly idealTree:prePrune +-- jest-resolve-dependencies@18.1.0
80 silly idealTree:prePrune +-- jest-resolve@18.1.0
80 silly idealTree:prePrune +-- jest-runtime@18.1.0
80 silly idealTree:prePrune | +-- yargs-parser@4.2.1
80 silly idealTree:prePrune | `-- yargs@6.6.0
80 silly idealTree:prePrune +-- jest-snapshot@18.1.0
80 silly idealTree:prePrune +-- jest-util@18.1.0
80 silly idealTree:prePrune +-- jest@18.1.0
80 silly idealTree:prePrune | +-- callsites@2.0.0
80 silly idealTree:prePrune | +-- jest-cli@18.1.0
80 silly idealTree:prePrune | +-- yargs-parser@4.2.1
80 silly idealTree:prePrune | `-- yargs@6.6.0
80 silly idealTree:prePrune +-- jodid25519@1.0.2
80 silly idealTree:prePrune +-- js-tokens@3.0.0
80 silly idealTree:prePrune +-- js-yaml@3.7.0
80 silly idealTree:prePrune +-- jsbn@0.1.0
80 silly idealTree:prePrune +-- jsdom@9.9.1
80 silly idealTree:prePrune | `-- acorn@2.7.0
80 silly idealTree:prePrune +-- jsesc@1.3.0
80 silly idealTree:prePrune +-- json-schema@0.2.3
80 silly idealTree:prePrune +-- json-stable-stringify@1.0.1
80 silly idealTree:prePrune +-- json-stringify-safe@5.0.1
80 silly idealTree:prePrune +-- json5@0.5.1
80 silly idealTree:prePrune +-- jsonify@0.0.0
80 silly idealTree:prePrune +-- jsonpointer@4.0.1
80 silly idealTree:prePrune +-- jsprim@1.3.1
80 silly idealTree:prePrune +-- kind-of@3.1.0
80 silly idealTree:prePrune +-- lazy-cache@1.0.4
80 silly idealTree:prePrune +-- lcid@1.0.0
80 silly idealTree:prePrune +-- levn@0.3.0
80 silly idealTree:prePrune +-- load-json-file@1.1.0
80 silly idealTree:prePrune | `-- strip-bom@2.0.0
80 silly idealTree:prePrune +-- lodash._arraycopy@3.0.0
80 silly idealTree:prePrune +-- lodash._arrayeach@3.0.0
80 silly idealTree:prePrune +-- lodash._baseassign@3.2.0
80 silly idealTree:prePrune +-- lodash._baseclone@3.3.0
80 silly idealTree:prePrune +-- lodash._basecopy@3.0.1
80 silly idealTree:prePrune +-- lodash._basefor@3.0.3
80 silly idealTree:prePrune +-- lodash._bindcallback@3.0.1
80 silly idealTree:prePrune +-- lodash._getnative@3.9.1
80 silly idealTree:prePrune +-- lodash.assign@4.2.0
80 silly idealTree:prePrune +-- lodash.clonedeep@3.0.2
80 silly idealTree:prePrune +-- lodash.cond@4.5.2
80 silly idealTree:prePrune +-- lodash.isarguments@3.1.0
80 silly idealTree:prePrune +-- lodash.isarray@3.0.4
80 silly idealTree:prePrune +-- lodash.keys@3.1.2
80 silly idealTree:prePrune +-- lodash.pickby@4.6.0
80 silly idealTree:prePrune +-- lodash@4.17.4
80 silly idealTree:prePrune +-- longest@1.0.1
80 silly idealTree:prePrune +-- loose-envify@1.3.1
80 silly idealTree:prePrune +-- makeerror@1.0.11
80 silly idealTree:prePrune +-- marked-terminal@1.7.0
80 silly idealTree:prePrune +-- marked@0.3.6
80 silly idealTree:prePrune +-- md5@2.2.1
80 silly idealTree:prePrune +-- merge@1.2.0
80 silly idealTree:prePrune +-- micromatch@2.3.11
80 silly idealTree:prePrune +-- mime-db@1.26.0
80 silly idealTree:prePrune +-- mime-types@2.1.14
80 silly idealTree:prePrune +-- mime@1.3.4
80 silly idealTree:prePrune +-- minimatch@3.0.3
80 silly idealTree:prePrune +-- minimist@0.0.8
80 silly idealTree:prePrune +-- mkdirp@0.5.1
80 silly idealTree:prePrune +-- ms@0.7.2
80 silly idealTree:prePrune +-- mute-stream@0.0.5
80 silly idealTree:prePrune +-- natural-compare@1.4.0
80 silly idealTree:prePrune +-- node-emoji@1.5.1
80 silly idealTree:prePrune +-- node-int64@0.4.0
80 silly idealTree:prePrune +-- node-notifier@4.6.1
80 silly idealTree:prePrune | `-- minimist@1.2.0
80 silly idealTree:prePrune +-- normalize-package-data@2.3.5
80 silly idealTree:prePrune +-- normalize-path@2.0.1
80 silly idealTree:prePrune +-- number-is-nan@1.0.1
80 silly idealTree:prePrune +-- nwmatcher@1.3.9
80 silly idealTree:prePrune +-- oauth-sign@0.8.2
80 silly idealTree:prePrune +-- object-assign@4.1.1
80 silly idealTree:prePrune +-- object.omit@2.0.1
80 silly idealTree:prePrune +-- once@1.4.0
80 silly idealTree:prePrune +-- onetime@1.1.0
80 silly idealTree:prePrune +-- optimist@0.6.1
80 silly idealTree:prePrune | `-- wordwrap@0.0.3
80 silly idealTree:prePrune +-- optionator@0.8.2
80 silly idealTree:prePrune +-- os-homedir@1.0.2
80 silly idealTree:prePrune +-- os-locale@1.4.0
80 silly idealTree:prePrune +-- os-tmpdir@1.0.2
80 silly idealTree:prePrune +-- output-file-sync@1.1.2
80 silly idealTree:prePrune +-- parse-glob@3.0.4
80 silly idealTree:prePrune +-- parse-json@2.2.0
80 silly idealTree:prePrune +-- parse5@1.5.1
80 silly idealTree:prePrune +-- path-exists@2.1.0
80 silly idealTree:prePrune +-- path-is-absolute@1.0.1
80 silly idealTree:prePrune +-- path-is-inside@1.0.2
80 silly idealTree:prePrune +-- path-parse@1.0.5
80 silly idealTree:prePrune +-- path-type@1.1.0
80 silly idealTree:prePrune +-- pify@2.3.0
80 silly idealTree:prePrune +-- pinkie-promise@2.0.1
80 silly idealTree:prePrune +-- pinkie@2.0.4
80 silly idealTree:prePrune +-- pkg-dir@1.0.0
80 silly idealTree:prePrune +-- pkg-up@1.0.0
80 silly idealTree:prePrune +-- pluralize@1.2.1
80 silly idealTree:prePrune +-- prelude-ls@1.1.2
80 silly idealTree:prePrune +-- preserve@0.2.0
80 silly idealTree:prePrune +-- pretty-format@18.1.0
80 silly idealTree:prePrune +-- private@0.1.6
80 silly idealTree:prePrune +-- process-nextick-args@1.0.7
80 silly idealTree:prePrune +-- progress@1.1.8
80 silly idealTree:prePrune +-- prr@0.0.0
80 silly idealTree:prePrune +-- punycode@1.4.1
80 silly idealTree:prePrune +-- qs@6.3.0
80 silly idealTree:prePrune +-- randomatic@1.1.6
80 silly idealTree:prePrune +-- read-pkg-up@1.0.1
80 silly idealTree:prePrune +-- read-pkg@1.1.0
80 silly idealTree:prePrune +-- readable-stream@2.2.2
80 silly idealTree:prePrune +-- readdirp@2.1.0
80 silly idealTree:prePrune +-- readline-sync@1.4.5
80 silly idealTree:prePrune +-- readline2@1.0.1
80 silly idealTree:prePrune +-- rechoir@0.6.2
80 silly idealTree:prePrune +-- redeyed@1.0.1
80 silly idealTree:prePrune | `-- esprima@3.0.0
80 silly idealTree:prePrune +-- regenerate@1.3.2
80 silly idealTree:prePrune +-- regenerator-runtime@0.10.1
80 silly idealTree:prePrune +-- regenerator-transform@0.9.8
80 silly idealTree:prePrune +-- regex-cache@0.4.3
80 silly idealTree:prePrune +-- regexpu-core@2.0.0
80 silly idealTree:prePrune +-- regjsgen@0.2.0
80 silly idealTree:prePrune +-- regjsparser@0.1.5
80 silly idealTree:prePrune | `-- jsesc@0.5.0
80 silly idealTree:prePrune +-- repeat-element@1.1.2
80 silly idealTree:prePrune +-- repeat-string@1.6.1
80 silly idealTree:prePrune +-- repeating@2.0.1
80 silly idealTree:prePrune +-- request@2.79.0
80 silly idealTree:prePrune +-- require-directory@2.1.1
80 silly idealTree:prePrune +-- require-main-filename@1.0.1
80 silly idealTree:prePrune +-- require-uncached@1.0.3
80 silly idealTree:prePrune +-- resolve-from@1.0.1
80 silly idealTree:prePrune +-- resolve@1.2.0
80 silly idealTree:prePrune +-- restore-cursor@1.0.1
80 silly idealTree:prePrune +-- right-align@0.1.3
80 silly idealTree:prePrune +-- rimraf@2.5.4
80 silly idealTree:prePrune +-- run-async@0.1.0
80 silly idealTree:prePrune +-- rx-lite@3.1.2
80 silly idealTree:prePrune +-- sane@1.4.1
80 silly idealTree:prePrune | `-- minimist@1.2.0
80 silly idealTree:prePrune +-- sax@1.2.1
80 silly idealTree:prePrune +-- semver@5.3.0
80 silly idealTree:prePrune +-- set-blocking@2.0.0
80 silly idealTree:prePrune +-- set-immediate-shim@1.0.1
80 silly idealTree:prePrune +-- shelljs@0.7.6
80 silly idealTree:prePrune +-- shellwords@0.1.0
80 silly idealTree:prePrune +-- slash@1.0.0
80 silly idealTree:prePrune +-- slice-ansi@0.0.4
80 silly idealTree:prePrune +-- sntp@1.0.9
80 silly idealTree:prePrune +-- source-map-support@0.4.10
80 silly idealTree:prePrune +-- source-map@0.5.6
80 silly idealTree:prePrune +-- spdx-correct@1.0.2
80 silly idealTree:prePrune +-- spdx-expression-parse@1.0.4
80 silly idealTree:prePrune +-- spdx-license-ids@1.2.2
80 silly idealTree:prePrune +-- sprintf-js@1.0.3
80 silly idealTree:prePrune +-- sshpk@1.10.2
80 silly idealTree:prePrune | `-- assert-plus@1.0.0
80 silly idealTree:prePrune +-- string_decoder@0.10.31
80 silly idealTree:prePrune +-- string-width@1.0.2
80 silly idealTree:prePrune +-- string.prototype.codepointat@0.2.0
80 silly idealTree:prePrune +-- stringstream@0.0.5
80 silly idealTree:prePrune +-- strip-ansi@3.0.1
80 silly idealTree:prePrune +-- strip-bom@3.0.0
80 silly idealTree:prePrune +-- strip-json-comments@2.0.1
80 silly idealTree:prePrune +-- supports-color@2.0.0
80 silly idealTree:prePrune +-- symbol-tree@3.2.1
80 silly idealTree:prePrune +-- table@3.8.3
80 silly idealTree:prePrune | +-- is-fullwidth-code-point@2.0.0
80 silly idealTree:prePrune | `-- string-width@2.0.0
80 silly idealTree:prePrune +-- test-exclude@3.3.0
80 silly idealTree:prePrune +-- text-table@0.2.0
80 silly idealTree:prePrune +-- throat@3.0.0
80 silly idealTree:prePrune +-- through@2.3.8
80 silly idealTree:prePrune +-- tmpl@1.0.4
80 silly idealTree:prePrune +-- to-fast-properties@1.0.2
80 silly idealTree:prePrune +-- tough-cookie@2.3.2
80 silly idealTree:prePrune +-- tr46@0.0.3
80 silly idealTree:prePrune +-- tryit@1.0.3
80 silly idealTree:prePrune +-- tunnel-agent@0.4.3
80 silly idealTree:prePrune +-- tv4@1.2.7
80 silly idealTree:prePrune +-- tweetnacl@0.14.5
80 silly idealTree:prePrune +-- type-check@0.3.2
80 silly idealTree:prePrune +-- typedarray@0.0.6
80 silly idealTree:prePrune +-- uglify-js@2.7.5
80 silly idealTree:prePrune | +-- async@0.2.10
80 silly idealTree:prePrune | +-- camelcase@1.2.1
80 silly idealTree:prePrune | +-- cliui@2.1.0
80 silly idealTree:prePrune | +-- window-size@0.1.0
80 silly idealTree:prePrune | +-- wordwrap@0.0.2
80 silly idealTree:prePrune | `-- yargs@3.10.0
80 silly idealTree:prePrune +-- uglify-to-browserify@1.0.2
80 silly idealTree:prePrune +-- user-home@1.1.1
80 silly idealTree:prePrune +-- util-deprecate@1.0.2
80 silly idealTree:prePrune +-- uuid@3.0.1
80 silly idealTree:prePrune +-- v8flags@2.0.11
80 silly idealTree:prePrune +-- validate-npm-package-license@3.0.1
80 silly idealTree:prePrune +-- verror@1.3.6
80 silly idealTree:prePrune +-- walker@1.0.7
80 silly idealTree:prePrune +-- watch@0.10.0
80 silly idealTree:prePrune +-- webidl-conversions@3.0.1
80 silly idealTree:prePrune +-- whatwg-encoding@1.0.1
80 silly idealTree:prePrune | `-- iconv-lite@0.4.13
80 silly idealTree:prePrune +-- whatwg-url@4.3.0
80 silly idealTree:prePrune +-- which-module@1.0.0
80 silly idealTree:prePrune +-- which@1.2.12
80 silly idealTree:prePrune +-- window-size@0.2.0
80 silly idealTree:prePrune +-- wordwrap@1.0.0
80 silly idealTree:prePrune +-- worker-farm@1.3.1
80 silly idealTree:prePrune +-- wrap-ansi@2.1.0
80 silly idealTree:prePrune +-- wrappy@1.0.2
80 silly idealTree:prePrune +-- write@0.2.1
80 silly idealTree:prePrune +-- xml-name-validator@2.0.1
80 silly idealTree:prePrune +-- xregexp@3.1.1
80 silly idealTree:prePrune +-- xtend@4.0.1
80 silly idealTree:prePrune +-- y18n@3.2.1
80 silly idealTree:prePrune +-- yargs-parser@2.4.1
80 silly idealTree:prePrune `-- yargs@4.8.1
81 silly loadIdealTree Finishing
82 silly currentTree lazy-differ@0.0.1
82 silly currentTree +-- abab@1.0.3
82 silly currentTree +-- acorn-globals@1.0.9
82 silly currentTree | `-- acorn@2.7.0
82 silly currentTree +-- acorn-jsx@3.0.1
82 silly currentTree | `-- acorn@3.3.0
82 silly currentTree +-- acorn@4.0.4
82 silly currentTree +-- ajv-keywords@1.5.1
82 silly currentTree +-- ajv@4.11.2
82 silly currentTree +-- align-text@0.1.4
82 silly currentTree +-- amdefine@1.0.1
82 silly currentTree +-- ansi-escapes@1.4.0
82 silly currentTree +-- ansi-regex@2.1.1
82 silly currentTree +-- ansi-styles@2.2.1
82 silly currentTree +-- ansicolors@0.2.1
82 silly currentTree +-- anymatch@1.3.0
82 silly currentTree +-- append-transform@0.4.0
82 silly currentTree +-- argparse@1.0.9
82 silly currentTree +-- arr-diff@2.0.0
82 silly currentTree +-- arr-flatten@1.0.1
82 silly currentTree +-- array-equal@1.0.0
82 silly currentTree +-- array-union@1.0.2
82 silly currentTree +-- array-uniq@1.0.3
82 silly currentTree +-- array-unique@0.2.1
82 silly currentTree +-- arrify@1.0.1
82 silly currentTree +-- asn1@0.2.3
82 silly currentTree +-- assert-plus@0.2.0
82 silly currentTree +-- async-each@1.0.1
82 silly currentTree +-- async@2.1.4
82 silly currentTree +-- asynckit@0.4.0
82 silly currentTree +-- aws-sign2@0.6.0
82 silly currentTree +-- aws4@1.5.0
82 silly currentTree +-- babel-cli@6.22.2
82 silly currentTree +-- babel-code-frame@6.22.0
82 silly currentTree +-- babel-core@6.22.1
82 silly currentTree +-- babel-eslint@7.1.1
82 silly currentTree +-- babel-generator@6.22.0
82 silly currentTree +-- babel-helper-bindify-decorators@6.22.0
82 silly currentTree +-- babel-helper-builder-binary-assignment-operator-visitor@6.22.0
82 silly currentTree +-- babel-helper-call-delegate@6.22.0
82 silly currentTree +-- babel-helper-define-map@6.22.0
82 silly currentTree +-- babel-helper-explode-assignable-expression@6.22.0
82 silly currentTree +-- babel-helper-explode-class@6.22.0
82 silly currentTree +-- babel-helper-function-name@6.22.0
82 silly currentTree +-- babel-helper-get-function-arity@6.22.0
82 silly currentTree +-- babel-helper-hoist-variables@6.22.0
82 silly currentTree +-- babel-helper-optimise-call-expression@6.22.0
82 silly currentTree +-- babel-helper-regex@6.22.0
82 silly currentTree +-- babel-helper-remap-async-to-generator@6.22.0
82 silly currentTree +-- babel-helper-replace-supers@6.22.0
82 silly currentTree +-- babel-helpers@6.22.0
82 silly currentTree +-- babel-jest@18.0.0
82 silly currentTree +-- babel-messages@6.22.0
82 silly currentTree +-- babel-plugin-check-es2015-constants@6.22.0
82 silly currentTree +-- babel-plugin-istanbul@3.1.2
82 silly currentTree +-- babel-plugin-jest-hoist@18.0.0
82 silly currentTree +-- babel-plugin-syntax-async-functions@6.13.0
82 silly currentTree +-- babel-plugin-syntax-async-generators@6.13.0
82 silly currentTree +-- babel-plugin-syntax-class-constructor-call@6.18.0
82 silly currentTree +-- babel-plugin-syntax-class-properties@6.13.0
82 silly currentTree +-- babel-plugin-syntax-decorators@6.13.0
82 silly currentTree +-- babel-plugin-syntax-do-expressions@6.13.0
82 silly currentTree +-- babel-plugin-syntax-dynamic-import@6.18.0
82 silly currentTree +-- babel-plugin-syntax-exponentiation-operator@6.13.0
82 silly currentTree +-- babel-plugin-syntax-export-extensions@6.13.0
82 silly currentTree +-- babel-plugin-syntax-flow@6.18.0
82 silly currentTree +-- babel-plugin-syntax-function-bind@6.13.0
82 silly currentTree +-- babel-plugin-syntax-object-rest-spread@6.13.0
82 silly currentTree +-- babel-plugin-syntax-trailing-function-commas@6.22.0
82 silly currentTree +-- babel-plugin-transform-async-generator-functions@6.22.0
82 silly currentTree +-- babel-plugin-transform-async-to-generator@6.22.0
82 silly currentTree +-- babel-plugin-transform-class-constructor-call@6.22.0
82 silly currentTree +-- babel-plugin-transform-class-properties@6.22.0
82 silly currentTree +-- babel-plugin-transform-decorators@6.22.0
82 silly currentTree +-- babel-plugin-transform-do-expressions@6.22.0
82 silly currentTree +-- babel-plugin-transform-es2015-arrow-functions@6.22.0
82 silly currentTree +-- babel-plugin-transform-es2015-block-scoped-functions@6.22.0
82 silly currentTree +-- babel-plugin-transform-es2015-block-scoping@6.22.0
82 silly currentTree +-- babel-plugin-transform-es2015-classes@6.22.0
82 silly currentTree +-- babel-plugin-transform-es2015-computed-properties@6.22.0
82 silly currentTree +-- babel-plugin-transform-es2015-destructuring@6.22.0
82 silly currentTree +-- babel-plugin-transform-es2015-duplicate-keys@6.22.0
82 silly currentTree +-- babel-plugin-transform-es2015-for-of@6.22.0
82 silly currentTree +-- babel-plugin-transform-es2015-function-name@6.22.0
82 silly currentTree +-- babel-plugin-transform-es2015-literals@6.22.0
82 silly currentTree +-- babel-plugin-transform-es2015-modules-amd@6.22.0
82 silly currentTree +-- babel-plugin-transform-es2015-modules-commonjs@6.22.0
82 silly currentTree +-- babel-plugin-transform-es2015-modules-systemjs@6.22.0
82 silly currentTree +-- babel-plugin-transform-es2015-modules-umd@6.22.0
82 silly currentTree +-- babel-plugin-transform-es2015-object-super@6.22.0
82 silly currentTree +-- babel-plugin-transform-es2015-parameters@6.22.0
82 silly currentTree +-- babel-plugin-transform-es2015-shorthand-properties@6.22.0
82 silly currentTree +-- babel-plugin-transform-es2015-spread@6.22.0
82 silly currentTree +-- babel-plugin-transform-es2015-sticky-regex@6.22.0
82 silly currentTree +-- babel-plugin-transform-es2015-template-literals@6.22.0
82 silly currentTree +-- babel-plugin-transform-es2015-typeof-symbol@6.22.0
82 silly currentTree +-- babel-plugin-transform-es2015-unicode-regex@6.22.0
82 silly currentTree +-- babel-plugin-transform-exponentiation-operator@6.22.0
82 silly currentTree +-- babel-plugin-transform-export-extensions@6.22.0
82 silly currentTree +-- babel-plugin-transform-flow-strip-types@6.22.0
82 silly currentTree +-- babel-plugin-transform-function-bind@6.22.0
82 silly currentTree +-- babel-plugin-transform-object-rest-spread@6.22.0
82 silly currentTree +-- babel-plugin-transform-regenerator@6.22.0
82 silly currentTree +-- babel-plugin-transform-runtime@6.22.0
82 silly currentTree +-- babel-plugin-transform-strict-mode@6.22.0
82 silly currentTree +-- babel-polyfill@6.22.0
82 silly currentTree +-- babel-preset-env@1.1.8
82 silly currentTree +-- babel-preset-jest@18.0.0
82 silly currentTree +-- babel-preset-stage-0@6.22.0
82 silly currentTree +-- babel-preset-stage-1@6.22.0
82 silly currentTree +-- babel-preset-stage-2@6.22.0
82 silly currentTree +-- babel-preset-stage-3@6.22.0
82 silly currentTree +-- babel-register@6.22.0
82 silly currentTree +-- babel-runtime@6.22.0
82 silly currentTree +-- babel-template@6.22.0
82 silly currentTree +-- babel-traverse@6.22.1
82 silly currentTree +-- babel-types@6.22.0
82 silly currentTree +-- babylon@6.15.0
82 silly currentTree +-- balanced-match@0.4.2
82 silly currentTree +-- bcrypt-pbkdf@1.0.0
82 silly currentTree +-- binary-extensions@1.8.0
82 silly currentTree +-- bluebird@3.4.7
82 silly currentTree +-- boom@2.10.1
82 silly currentTree +-- brace-expansion@1.1.6
82 silly currentTree +-- braces@1.8.5
82 silly currentTree +-- browser-resolve@1.11.2
82 silly currentTree | `-- resolve@1.1.7
82 silly currentTree +-- browserslist@1.6.0
82 silly currentTree +-- bser@1.0.2
82 silly currentTree +-- buffer-shims@1.0.0
82 silly currentTree +-- builtin-modules@1.1.1
82 silly currentTree +-- caller-path@0.1.0
82 silly currentTree +-- callsites@0.2.0
82 silly currentTree +-- camelcase@3.0.0
82 silly currentTree +-- caniuse-db@1.0.30000613
82 silly currentTree +-- cardinal@1.0.0
82 silly currentTree +-- caseless@0.11.0
82 silly currentTree +-- center-align@0.1.3
82 silly currentTree +-- chalk@1.1.3
82 silly currentTree +-- charenc@0.0.2
82 silly currentTree +-- chokidar@1.6.1
82 silly currentTree +-- ci-info@1.0.0
82 silly currentTree +-- circular-json@0.3.1
82 silly currentTree +-- cli-cursor@1.0.2
82 silly currentTree +-- cli-table@0.3.1
82 silly currentTree | `-- colors@1.0.3
82 silly currentTree +-- cli-usage@0.1.4
82 silly currentTree +-- cli-width@2.1.0
82 silly currentTree +-- cliui@3.2.0
82 silly currentTree +-- co@4.6.0
82 silly currentTree +-- code-point-at@1.1.0
82 silly currentTree +-- colors@1.1.2
82 silly currentTree +-- combined-stream@1.0.5
82 silly currentTree +-- commander@2.9.0
82 silly currentTree +-- concat-map@0.0.1
82 silly currentTree +-- concat-stream@1.6.0
82 silly currentTree +-- contains-path@0.1.0
82 silly currentTree +-- content-type-parser@1.0.1
82 silly currentTree +-- convert-source-map@1.3.0
82 silly currentTree +-- core-js@2.4.1
82 silly currentTree +-- core-util-is@1.0.2
82 silly currentTree +-- crypt@0.0.2
82 silly currentTree +-- cryptiles@2.0.5
82 silly currentTree +-- cssom@0.3.2
82 silly currentTree +-- cssstyle@0.2.37
82 silly currentTree +-- d@0.1.1
82 silly currentTree +-- dashdash@1.14.1
82 silly currentTree | `-- assert-plus@1.0.0
82 silly currentTree +-- debug@2.6.0
82 silly currentTree +-- decamelize@1.2.0
82 silly currentTree +-- deep-is@0.1.3
82 silly currentTree +-- default-require-extensions@1.0.0
82 silly currentTree | `-- strip-bom@2.0.0
82 silly currentTree +-- del@2.2.2
82 silly currentTree +-- delayed-stream@1.0.0
82 silly currentTree +-- detect-indent@4.0.0
82 silly currentTree +-- diff@3.2.0
82 silly currentTree +-- doctrine@1.5.0
82 silly currentTree +-- ecc-jsbn@0.1.1
82 silly currentTree +-- electron-to-chromium@1.2.0
82 silly currentTree +-- errno@0.1.4
82 silly currentTree +-- error-ex@1.3.0
82 silly currentTree +-- es5-ext@0.10.12
82 silly currentTree +-- es6-iterator@2.0.0
82 silly currentTree +-- es6-map@0.1.4
82 silly currentTree +-- es6-set@0.1.4
82 silly currentTree +-- es6-symbol@3.1.0
82 silly currentTree +-- es6-weak-map@2.0.1
82 silly currentTree +-- escape-string-regexp@1.0.5
82 silly currentTree +-- escodegen@1.8.1
82 silly currentTree | +-- estraverse@1.9.3
82 silly currentTree | `-- source-map@0.2.0
82 silly currentTree +-- escope@3.6.0
82 silly currentTree +-- eslint-config-airbnb-base@11.0.1
82 silly currentTree +-- eslint-config-airbnb@14.0.0
82 silly currentTree +-- eslint-import-resolver-node@0.2.3
82 silly currentTree +-- eslint-module-utils@2.0.0
82 silly currentTree | +-- debug@2.2.0
82 silly currentTree | `-- ms@0.7.1
82 silly currentTree +-- eslint-plugin-flowtype@2.30.0
82 silly currentTree +-- eslint-plugin-import@2.2.0
82 silly currentTree +-- eslint@3.14.0
82 silly currentTree | `-- user-home@2.0.0
82 silly currentTree +-- espree@3.3.2
82 silly currentTree +-- esprima@2.7.3
82 silly currentTree +-- esrecurse@4.1.0
82 silly currentTree | `-- estraverse@4.1.1
82 silly currentTree +-- estraverse@4.2.0
82 silly currentTree +-- esutils@2.0.2
82 silly currentTree +-- event-emitter@0.3.4
82 silly currentTree +-- exec-sh@0.2.0
82 silly currentTree +-- exit-hook@1.1.1
82 silly currentTree +-- expand-brackets@0.1.5
82 silly currentTree +-- expand-range@1.8.2
82 silly currentTree +-- extend@3.0.0
82 silly currentTree +-- extglob@0.3.2
82 silly currentTree +-- extsprintf@1.0.2
82 silly currentTree +-- fast-levenshtein@2.0.6
82 silly currentTree +-- fb-watchman@1.9.0
82 silly currentTree +-- figures@1.7.0
82 silly currentTree +-- file-entry-cache@2.0.0
82 silly currentTree +-- filename-regex@2.0.0
82 silly currentTree +-- fileset@2.0.3
82 silly currentTree +-- fill-range@2.2.3
82 silly currentTree +-- find-up@1.1.2
82 silly currentTree +-- flat-cache@1.2.2
82 silly currentTree +-- flow-bin@0.38.0
82 silly currentTree +-- flow-typed@2.0.0
82 silly currentTree | +-- rx-lite@4.0.8
82 silly currentTree | `-- table@3.7.8
82 silly currentTree +-- for-in@0.1.6
82 silly currentTree +-- for-own@0.1.4
82 silly currentTree +-- forever-agent@0.6.1
82 silly currentTree +-- form-data@2.1.2
82 silly currentTree +-- fs-readdir-recursive@1.0.0
82 silly currentTree +-- fs.realpath@1.0.0
82 silly currentTree +-- function-bind@1.1.0
82 silly currentTree +-- generate-function@2.0.0
82 silly currentTree +-- generate-object-property@1.2.0
82 silly currentTree +-- get-caller-file@1.0.2
82 silly currentTree +-- getpass@0.1.6
82 silly currentTree | `-- assert-plus@1.0.0
82 silly currentTree +-- github@0.2.4
82 silly currentTree +-- glob-base@0.3.0
82 silly currentTree +-- glob-parent@2.0.0
82 silly currentTree +-- glob@7.1.1
82 silly currentTree +-- globals@9.14.0
82 silly currentTree +-- globby@5.0.0
82 silly currentTree +-- graceful-fs@4.1.11
82 silly currentTree +-- graceful-readlink@1.0.1
82 silly currentTree +-- growly@1.3.0
82 silly currentTree +-- handlebars@4.0.6
82 silly currentTree | +-- async@1.5.2
82 silly currentTree | `-- source-map@0.4.4
82 silly currentTree +-- har-validator@2.0.6
82 silly currentTree +-- has-ansi@2.0.0
82 silly currentTree +-- has-flag@1.0.0
82 silly currentTree +-- has@1.0.1
82 silly currentTree +-- hawk@3.1.3
82 silly currentTree +-- hoek@2.16.3
82 silly currentTree +-- home-or-tmp@2.0.0
82 silly currentTree +-- hosted-git-info@2.1.5
82 silly currentTree +-- html-encoding-sniffer@1.0.1
82 silly currentTree +-- http-signature@1.1.1
82 silly currentTree +-- iconv-lite@0.4.15
82 silly currentTree +-- ignore@3.2.0
82 silly currentTree +-- imurmurhash@0.1.4
82 silly currentTree +-- inflight@1.0.6
82 silly currentTree +-- inherits@2.0.3
82 silly currentTree +-- inquirer@0.12.0
82 silly currentTree +-- interpret@1.0.1
82 silly currentTree +-- invariant@2.2.2
82 silly currentTree +-- invert-kv@1.0.0
82 silly currentTree +-- is-arrayish@0.2.1
82 silly currentTree +-- is-binary-path@1.0.1
82 silly currentTree +-- is-buffer@1.1.4
82 silly currentTree +-- is-builtin-module@1.0.0
82 silly currentTree +-- is-ci@1.0.10
82 silly currentTree +-- is-dotfile@1.0.2
82 silly currentTree +-- is-equal-shallow@0.1.3
82 silly currentTree +-- is-extendable@0.1.1
82 silly currentTree +-- is-extglob@1.0.0
82 silly currentTree +-- is-finite@1.0.2
82 silly currentTree +-- is-fullwidth-code-point@1.0.0
82 silly currentTree +-- is-glob@2.0.1
82 silly currentTree +-- is-my-json-valid@2.15.0
82 silly currentTree +-- is-number@2.1.0
82 silly currentTree +-- is-path-cwd@1.0.0
82 silly currentTree +-- is-path-in-cwd@1.0.0
82 silly currentTree +-- is-path-inside@1.0.0
82 silly currentTree +-- is-posix-bracket@0.1.1
82 silly currentTree +-- is-primitive@2.0.0
82 silly currentTree +-- is-property@1.0.2
82 silly currentTree +-- is-resolvable@1.0.0
82 silly currentTree +-- is-typedarray@1.0.0
82 silly currentTree +-- is-utf8@0.2.1
82 silly currentTree +-- isarray@1.0.0
82 silly currentTree +-- isexe@1.1.2
82 silly currentTree +-- isobject@2.1.0
82 silly currentTree +-- isstream@0.1.2
82 silly currentTree +-- istanbul-api@1.1.1
82 silly currentTree +-- istanbul-lib-coverage@1.0.1
82 silly currentTree +-- istanbul-lib-hook@1.0.0
82 silly currentTree +-- istanbul-lib-instrument@1.4.2
82 silly currentTree +-- istanbul-lib-report@1.0.0-alpha.3
82 silly currentTree | +-- async@1.5.2
82 silly currentTree | `-- supports-color@3.2.3
82 silly currentTree +-- istanbul-lib-source-maps@1.1.0
82 silly currentTree +-- istanbul-reports@1.0.0
82 silly currentTree +-- jest-changed-files@17.0.2
82 silly currentTree +-- jest-config@18.1.0
82 silly currentTree +-- jest-diff@18.1.0
82 silly currentTree +-- jest-environment-jsdom@18.1.0
82 silly currentTree +-- jest-environment-node@18.1.0
82 silly currentTree +-- jest-file-exists@17.0.0
82 silly currentTree +-- jest-haste-map@18.1.0
82 silly currentTree +-- jest-jasmine2@18.1.0
82 silly currentTree +-- jest-matcher-utils@18.1.0
82 silly currentTree +-- jest-matchers@18.1.0
82 silly currentTree +-- jest-mock@18.0.0
82 silly currentTree +-- jest-resolve-dependencies@18.1.0
82 silly currentTree +-- jest-resolve@18.1.0
82 silly currentTree +-- jest-runtime@18.1.0
82 silly currentTree | +-- yargs-parser@4.2.1
82 silly currentTree | `-- yargs@6.6.0
82 silly currentTree +-- jest-snapshot@18.1.0
82 silly currentTree +-- jest-util@18.1.0
82 silly currentTree +-- jest@18.1.0
82 silly currentTree | +-- callsites@2.0.0
82 silly currentTree | +-- jest-cli@18.1.0
82 silly currentTree | +-- yargs-parser@4.2.1
82 silly currentTree | `-- yargs@6.6.0
82 silly currentTree +-- jodid25519@1.0.2
82 silly currentTree +-- js-tokens@3.0.0
82 silly currentTree +-- js-yaml@3.7.0
82 silly currentTree +-- jsbn@0.1.0
82 silly currentTree +-- jsdom@9.9.1
82 silly currentTree | `-- acorn@2.7.0
82 silly currentTree +-- jsesc@1.3.0
82 silly currentTree +-- json-schema@0.2.3
82 silly currentTree +-- json-stable-stringify@1.0.1
82 silly currentTree +-- json-stringify-safe@5.0.1
82 silly currentTree +-- json5@0.5.1
82 silly currentTree +-- jsonify@0.0.0
82 silly currentTree +-- jsonpointer@4.0.1
82 silly currentTree +-- jsprim@1.3.1
82 silly currentTree +-- kind-of@3.1.0
82 silly currentTree +-- lazy-cache@1.0.4
82 silly currentTree +-- lcid@1.0.0
82 silly currentTree +-- levn@0.3.0
82 silly currentTree +-- load-json-file@1.1.0
82 silly currentTree | `-- strip-bom@2.0.0
82 silly currentTree +-- lodash._arraycopy@3.0.0
82 silly currentTree +-- lodash._arrayeach@3.0.0
82 silly currentTree +-- lodash._baseassign@3.2.0
82 silly currentTree +-- lodash._baseclone@3.3.0
82 silly currentTree +-- lodash._basecopy@3.0.1
82 silly currentTree +-- lodash._basefor@3.0.3
82 silly currentTree +-- lodash._bindcallback@3.0.1
82 silly currentTree +-- lodash._getnative@3.9.1
82 silly currentTree +-- lodash.assign@4.2.0
82 silly currentTree +-- lodash.clonedeep@3.0.2
82 silly currentTree +-- lodash.cond@4.5.2
82 silly currentTree +-- lodash.isarguments@3.1.0
82 silly currentTree +-- lodash.isarray@3.0.4
82 silly currentTree +-- lodash.keys@3.1.2
82 silly currentTree +-- lodash.pickby@4.6.0
82 silly currentTree +-- lodash@4.17.4
82 silly currentTree +-- longest@1.0.1
82 silly currentTree +-- loose-envify@1.3.1
82 silly currentTree +-- makeerror@1.0.11
82 silly currentTree +-- marked-terminal@1.7.0
82 silly currentTree +-- marked@0.3.6
82 silly currentTree +-- md5@2.2.1
82 silly currentTree +-- merge@1.2.0
82 silly currentTree +-- micromatch@2.3.11
82 silly currentTree +-- mime-db@1.26.0
82 silly currentTree +-- mime-types@2.1.14
82 silly currentTree +-- mime@1.3.4
82 silly currentTree +-- minimatch@3.0.3
82 silly currentTree +-- minimist@0.0.8
82 silly currentTree +-- mkdirp@0.5.1
82 silly currentTree +-- ms@0.7.2
82 silly currentTree +-- mute-stream@0.0.5
82 silly currentTree +-- natural-compare@1.4.0
82 silly currentTree +-- node-emoji@1.5.1
82 silly currentTree +-- node-int64@0.4.0
82 silly currentTree +-- node-notifier@4.6.1
82 silly currentTree | `-- minimist@1.2.0
82 silly currentTree +-- normalize-package-data@2.3.5
82 silly currentTree +-- normalize-path@2.0.1
82 silly currentTree +-- number-is-nan@1.0.1
82 silly currentTree +-- nwmatcher@1.3.9
82 silly currentTree +-- oauth-sign@0.8.2
82 silly currentTree +-- object-assign@4.1.1
82 silly currentTree +-- object.omit@2.0.1
82 silly currentTree +-- once@1.4.0
82 silly currentTree +-- onetime@1.1.0
82 silly currentTree +-- optimist@0.6.1
82 silly currentTree | `-- wordwrap@0.0.3
82 silly currentTree +-- optionator@0.8.2
82 silly currentTree +-- os-homedir@1.0.2
82 silly currentTree +-- os-locale@1.4.0
82 silly currentTree +-- os-tmpdir@1.0.2
82 silly currentTree +-- output-file-sync@1.1.2
82 silly currentTree +-- parse-glob@3.0.4
82 silly currentTree +-- parse-json@2.2.0
82 silly currentTree +-- parse5@1.5.1
82 silly currentTree +-- path-exists@2.1.0
82 silly currentTree +-- path-is-absolute@1.0.1
82 silly currentTree +-- path-is-inside@1.0.2
82 silly currentTree +-- path-parse@1.0.5
82 silly currentTree +-- path-type@1.1.0
82 silly currentTree +-- pify@2.3.0
82 silly currentTree +-- pinkie-promise@2.0.1
82 silly currentTree +-- pinkie@2.0.4
82 silly currentTree +-- pkg-dir@1.0.0
82 silly currentTree +-- pkg-up@1.0.0
82 silly currentTree +-- pluralize@1.2.1
82 silly currentTree +-- prelude-ls@1.1.2
82 silly currentTree +-- preserve@0.2.0
82 silly currentTree +-- pretty-format@18.1.0
82 silly currentTree +-- private@0.1.6
82 silly currentTree +-- process-nextick-args@1.0.7
82 silly currentTree +-- progress@1.1.8
82 silly currentTree +-- prr@0.0.0
82 silly currentTree +-- punycode@1.4.1
82 silly currentTree +-- qs@6.3.0
82 silly currentTree +-- randomatic@1.1.6
82 silly currentTree +-- read-pkg-up@1.0.1
82 silly currentTree +-- read-pkg@1.1.0
82 silly currentTree +-- readable-stream@2.2.2
82 silly currentTree +-- readdirp@2.1.0
82 silly currentTree +-- readline-sync@1.4.5
82 silly currentTree +-- readline2@1.0.1
82 silly currentTree +-- rechoir@0.6.2
82 silly currentTree +-- redeyed@1.0.1
82 silly currentTree | `-- esprima@3.0.0
82 silly currentTree +-- regenerate@1.3.2
82 silly currentTree +-- regenerator-runtime@0.10.1
82 silly currentTree +-- regenerator-transform@0.9.8
82 silly currentTree +-- regex-cache@0.4.3
82 silly currentTree +-- regexpu-core@2.0.0
82 silly currentTree +-- regjsgen@0.2.0
82 silly currentTree +-- regjsparser@0.1.5
82 silly currentTree | `-- jsesc@0.5.0
82 silly currentTree +-- repeat-element@1.1.2
82 silly currentTree +-- repeat-string@1.6.1
82 silly currentTree +-- repeating@2.0.1
82 silly currentTree +-- request@2.79.0
82 silly currentTree +-- require-directory@2.1.1
82 silly currentTree +-- require-main-filename@1.0.1
82 silly currentTree +-- require-uncached@1.0.3
82 silly currentTree +-- resolve-from@1.0.1
82 silly currentTree +-- resolve@1.2.0
82 silly currentTree +-- restore-cursor@1.0.1
82 silly currentTree +-- right-align@0.1.3
82 silly currentTree +-- rimraf@2.5.4
82 silly currentTree +-- run-async@0.1.0
82 silly currentTree +-- rx-lite@3.1.2
82 silly currentTree +-- sane@1.4.1
82 silly currentTree | `-- minimist@1.2.0
82 silly currentTree +-- sax@1.2.1
82 silly currentTree +-- semver@5.3.0
82 silly currentTree +-- set-blocking@2.0.0
82 silly currentTree +-- set-immediate-shim@1.0.1
82 silly currentTree +-- shelljs@0.7.6
82 silly currentTree +-- shellwords@0.1.0
82 silly currentTree +-- slash@1.0.0
82 silly currentTree +-- slice-ansi@0.0.4
82 silly currentTree +-- sntp@1.0.9
82 silly currentTree +-- source-map-support@0.4.10
82 silly currentTree +-- source-map@0.5.6
82 silly currentTree +-- spdx-correct@1.0.2
82 silly currentTree +-- spdx-expression-parse@1.0.4
82 silly currentTree +-- spdx-license-ids@1.2.2
82 silly currentTree +-- sprintf-js@1.0.3
82 silly currentTree +-- sshpk@1.10.2
82 silly currentTree | `-- assert-plus@1.0.0
82 silly currentTree +-- string_decoder@0.10.31
82 silly currentTree +-- string-width@1.0.2
82 silly currentTree +-- string.prototype.codepointat@0.2.0
82 silly currentTree +-- stringstream@0.0.5
82 silly currentTree +-- strip-ansi@3.0.1
82 silly currentTree +-- strip-bom@3.0.0
82 silly currentTree +-- strip-json-comments@2.0.1
82 silly currentTree +-- supports-color@2.0.0
82 silly currentTree +-- symbol-tree@3.2.1
82 silly currentTree +-- table@3.8.3
82 silly currentTree | +-- is-fullwidth-code-point@2.0.0
82 silly currentTree | `-- string-width@2.0.0
82 silly currentTree +-- test-exclude@3.3.0
82 silly currentTree +-- text-table@0.2.0
82 silly currentTree +-- throat@3.0.0
82 silly currentTree +-- through@2.3.8
82 silly currentTree +-- tmpl@1.0.4
82 silly currentTree +-- to-fast-properties@1.0.2
82 silly currentTree +-- tough-cookie@2.3.2
82 silly currentTree +-- tr46@0.0.3
82 silly currentTree +-- tryit@1.0.3
82 silly currentTree +-- tunnel-agent@0.4.3
82 silly currentTree +-- tv4@1.2.7
82 silly currentTree +-- tweetnacl@0.14.5
82 silly currentTree +-- type-check@0.3.2
82 silly currentTree +-- typedarray@0.0.6
82 silly currentTree +-- uglify-js@2.7.5
82 silly currentTree | +-- async@0.2.10
82 silly currentTree | +-- camelcase@1.2.1
82 silly currentTree | +-- cliui@2.1.0
82 silly currentTree | +-- window-size@0.1.0
82 silly currentTree | +-- wordwrap@0.0.2
82 silly currentTree | `-- yargs@3.10.0
82 silly currentTree +-- uglify-to-browserify@1.0.2
82 silly currentTree +-- user-home@1.1.1
82 silly currentTree +-- util-deprecate@1.0.2
82 silly currentTree +-- uuid@3.0.1
82 silly currentTree +-- v8flags@2.0.11
82 silly currentTree +-- validate-npm-package-license@3.0.1
82 silly currentTree +-- verror@1.3.6
82 silly currentTree +-- walker@1.0.7
82 silly currentTree +-- watch@0.10.0
82 silly currentTree +-- webidl-conversions@3.0.1
82 silly currentTree +-- whatwg-encoding@1.0.1
82 silly currentTree | `-- iconv-lite@0.4.13
82 silly currentTree +-- whatwg-url@4.3.0
82 silly currentTree +-- which-module@1.0.0
82 silly currentTree +-- which@1.2.12
82 silly currentTree +-- window-size@0.2.0
82 silly currentTree +-- wordwrap@1.0.0
82 silly currentTree +-- worker-farm@1.3.1
82 silly currentTree +-- wrap-ansi@2.1.0
82 silly currentTree +-- wrappy@1.0.2
82 silly currentTree +-- write@0.2.1
82 silly currentTree +-- xml-name-validator@2.0.1
82 silly currentTree +-- xregexp@3.1.1
82 silly currentTree +-- xtend@4.0.1
82 silly currentTree +-- y18n@3.2.1
82 silly currentTree +-- yargs-parser@2.4.1
82 silly currentTree `-- yargs@4.8.1
83 silly idealTree lazy-differ@0.0.1
83 silly idealTree +-- abab@1.0.3
83 silly idealTree +-- acorn-globals@1.0.9
83 silly idealTree | `-- acorn@2.7.0
83 silly idealTree +-- acorn-jsx@3.0.1
83 silly idealTree | `-- acorn@3.3.0
83 silly idealTree +-- acorn@4.0.4
83 silly idealTree +-- ajv-keywords@1.5.1
83 silly idealTree +-- ajv@4.11.2
83 silly idealTree +-- align-text@0.1.4
83 silly idealTree +-- amdefine@1.0.1
83 silly idealTree +-- ansi-escapes@1.4.0
83 silly idealTree +-- ansi-regex@2.1.1
83 silly idealTree +-- ansi-styles@2.2.1
83 silly idealTree +-- ansicolors@0.2.1
83 silly idealTree +-- anymatch@1.3.0
83 silly idealTree +-- append-transform@0.4.0
83 silly idealTree +-- argparse@1.0.9
83 silly idealTree +-- arr-diff@2.0.0
83 silly idealTree +-- arr-flatten@1.0.1
83 silly idealTree +-- array-equal@1.0.0
83 silly idealTree +-- array-union@1.0.2
83 silly idealTree +-- array-uniq@1.0.3
83 silly idealTree +-- array-unique@0.2.1
83 silly idealTree +-- arrify@1.0.1
83 silly idealTree +-- asn1@0.2.3
83 silly idealTree +-- assert-plus@0.2.0
83 silly idealTree +-- async-each@1.0.1
83 silly idealTree +-- async@2.1.4
83 silly idealTree +-- asynckit@0.4.0
83 silly idealTree +-- aws-sign2@0.6.0
83 silly idealTree +-- aws4@1.5.0
83 silly idealTree +-- babel-cli@6.22.2
83 silly idealTree +-- babel-code-frame@6.22.0
83 silly idealTree +-- babel-core@6.22.1
83 silly idealTree +-- babel-eslint@7.1.1
83 silly idealTree +-- babel-generator@6.22.0
83 silly idealTree +-- babel-helper-bindify-decorators@6.22.0
83 silly idealTree +-- babel-helper-builder-binary-assignment-operator-visitor@6.22.0
83 silly idealTree +-- babel-helper-call-delegate@6.22.0
83 silly idealTree +-- babel-helper-define-map@6.22.0
83 silly idealTree +-- babel-helper-explode-assignable-expression@6.22.0
83 silly idealTree +-- babel-helper-explode-class@6.22.0
83 silly idealTree +-- babel-helper-function-name@6.22.0
83 silly idealTree +-- babel-helper-get-function-arity@6.22.0
83 silly idealTree +-- babel-helper-hoist-variables@6.22.0
83 silly idealTree +-- babel-helper-optimise-call-expression@6.22.0
83 silly idealTree +-- babel-helper-regex@6.22.0
83 silly idealTree +-- babel-helper-remap-async-to-generator@6.22.0
83 silly idealTree +-- babel-helper-replace-supers@6.22.0
83 silly idealTree +-- babel-helpers@6.22.0
83 silly idealTree +-- babel-jest@18.0.0
83 silly idealTree +-- babel-messages@6.22.0
83 silly idealTree +-- babel-plugin-check-es2015-constants@6.22.0
83 silly idealTree +-- babel-plugin-istanbul@3.1.2
83 silly idealTree +-- babel-plugin-jest-hoist@18.0.0
83 silly idealTree +-- babel-plugin-syntax-async-functions@6.13.0
83 silly idealTree +-- babel-plugin-syntax-async-generators@6.13.0
83 silly idealTree +-- babel-plugin-syntax-class-constructor-call@6.18.0
83 silly idealTree +-- babel-plugin-syntax-class-properties@6.13.0
83 silly idealTree +-- babel-plugin-syntax-decorators@6.13.0
83 silly idealTree +-- babel-plugin-syntax-do-expressions@6.13.0
83 silly idealTree +-- babel-plugin-syntax-dynamic-import@6.18.0
83 silly idealTree +-- babel-plugin-syntax-exponentiation-operator@6.13.0
83 silly idealTree +-- babel-plugin-syntax-export-extensions@6.13.0
83 silly idealTree +-- babel-plugin-syntax-flow@6.18.0
83 silly idealTree +-- babel-plugin-syntax-function-bind@6.13.0
83 silly idealTree +-- babel-plugin-syntax-object-rest-spread@6.13.0
83 silly idealTree +-- babel-plugin-syntax-trailing-function-commas@6.22.0
83 silly idealTree +-- babel-plugin-transform-async-generator-functions@6.22.0
83 silly idealTree +-- babel-plugin-transform-async-to-generator@6.22.0
83 silly idealTree +-- babel-plugin-transform-class-constructor-call@6.22.0
83 silly idealTree +-- babel-plugin-transform-class-properties@6.22.0
83 silly idealTree +-- babel-plugin-transform-decorators@6.22.0
83 silly idealTree +-- babel-plugin-transform-do-expressions@6.22.0
83 silly idealTree +-- babel-plugin-transform-es2015-arrow-functions@6.22.0
83 silly idealTree +-- babel-plugin-transform-es2015-block-scoped-functions@6.22.0
83 silly idealTree +-- babel-plugin-transform-es2015-block-scoping@6.22.0
83 silly idealTree +-- babel-plugin-transform-es2015-classes@6.22.0
83 silly idealTree +-- babel-plugin-transform-es2015-computed-properties@6.22.0
83 silly idealTree +-- babel-plugin-transform-es2015-destructuring@6.22.0
83 silly idealTree +-- babel-plugin-transform-es2015-duplicate-keys@6.22.0
83 silly idealTree +-- babel-plugin-transform-es2015-for-of@6.22.0
83 silly idealTree +-- babel-plugin-transform-es2015-function-name@6.22.0
83 silly idealTree +-- babel-plugin-transform-es2015-literals@6.22.0
83 silly idealTree +-- babel-plugin-transform-es2015-modules-amd@6.22.0
83 silly idealTree +-- babel-plugin-transform-es2015-modules-commonjs@6.22.0
83 silly idealTree +-- babel-plugin-transform-es2015-modules-systemjs@6.22.0
83 silly idealTree +-- babel-plugin-transform-es2015-modules-umd@6.22.0
83 silly idealTree +-- babel-plugin-transform-es2015-object-super@6.22.0
83 silly idealTree +-- babel-plugin-transform-es2015-parameters@6.22.0
83 silly idealTree +-- babel-plugin-transform-es2015-shorthand-properties@6.22.0
83 silly idealTree +-- babel-plugin-transform-es2015-spread@6.22.0
83 silly idealTree +-- babel-plugin-transform-es2015-sticky-regex@6.22.0
83 silly idealTree +-- babel-plugin-transform-es2015-template-literals@6.22.0
83 silly idealTree +-- babel-plugin-transform-es2015-typeof-symbol@6.22.0
83 silly idealTree +-- babel-plugin-transform-es2015-unicode-regex@6.22.0
83 silly idealTree +-- babel-plugin-transform-exponentiation-operator@6.22.0
83 silly idealTree +-- babel-plugin-transform-export-extensions@6.22.0
83 silly idealTree +-- babel-plugin-transform-flow-strip-types@6.22.0
83 silly idealTree +-- babel-plugin-transform-function-bind@6.22.0
83 silly idealTree +-- babel-plugin-transform-object-rest-spread@6.22.0
83 silly idealTree +-- babel-plugin-transform-regenerator@6.22.0
83 silly idealTree +-- babel-plugin-transform-runtime@6.22.0
83 silly idealTree +-- babel-plugin-transform-strict-mode@6.22.0
83 silly idealTree +-- babel-polyfill@6.22.0
83 silly idealTree +-- babel-preset-env@1.1.8
83 silly idealTree +-- babel-preset-jest@18.0.0
83 silly idealTree +-- babel-preset-stage-0@6.22.0
83 silly idealTree +-- babel-preset-stage-1@6.22.0
83 silly idealTree +-- babel-preset-stage-2@6.22.0
83 silly idealTree +-- babel-preset-stage-3@6.22.0
83 silly idealTree +-- babel-register@6.22.0
83 silly idealTree +-- babel-runtime@6.22.0
83 silly idealTree +-- babel-template@6.22.0
83 silly idealTree +-- babel-traverse@6.22.1
83 silly idealTree +-- babel-types@6.22.0
83 silly idealTree +-- babylon@6.15.0
83 silly idealTree +-- balanced-match@0.4.2
83 silly idealTree +-- bcrypt-pbkdf@1.0.0
83 silly idealTree +-- binary-extensions@1.8.0
83 silly idealTree +-- bluebird@3.4.7
83 silly idealTree +-- boom@2.10.1
83 silly idealTree +-- brace-expansion@1.1.6
83 silly idealTree +-- braces@1.8.5
83 silly idealTree +-- browser-resolve@1.11.2
83 silly idealTree | `-- resolve@1.1.7
83 silly idealTree +-- browserslist@1.6.0
83 silly idealTree +-- bser@1.0.2
83 silly idealTree +-- buffer-shims@1.0.0
83 silly idealTree +-- builtin-modules@1.1.1
83 silly idealTree +-- caller-path@0.1.0
83 silly idealTree +-- callsites@0.2.0
83 silly idealTree +-- camelcase@3.0.0
83 silly idealTree +-- caniuse-db@1.0.30000613
83 silly idealTree +-- cardinal@1.0.0
83 silly idealTree +-- caseless@0.11.0
83 silly idealTree +-- center-align@0.1.3
83 silly idealTree +-- chalk@1.1.3
83 silly idealTree +-- charenc@0.0.2
83 silly idealTree +-- chokidar@1.6.1
83 silly idealTree +-- ci-info@1.0.0
83 silly idealTree +-- circular-json@0.3.1
83 silly idealTree +-- cli-cursor@1.0.2
83 silly idealTree +-- cli-table@0.3.1
83 silly idealTree | `-- colors@1.0.3
83 silly idealTree +-- cli-usage@0.1.4
83 silly idealTree +-- cli-width@2.1.0
83 silly idealTree +-- cliui@3.2.0
83 silly idealTree +-- co@4.6.0
83 silly idealTree +-- code-point-at@1.1.0
83 silly idealTree +-- colors@1.1.2
83 silly idealTree +-- combined-stream@1.0.5
83 silly idealTree +-- commander@2.9.0
83 silly idealTree +-- concat-map@0.0.1
83 silly idealTree +-- concat-stream@1.6.0
83 silly idealTree +-- contains-path@0.1.0
83 silly idealTree +-- content-type-parser@1.0.1
83 silly idealTree +-- convert-source-map@1.3.0
83 silly idealTree +-- core-js@2.4.1
83 silly idealTree +-- core-util-is@1.0.2
83 silly idealTree +-- crypt@0.0.2
83 silly idealTree +-- cryptiles@2.0.5
83 silly idealTree +-- cssom@0.3.2
83 silly idealTree +-- cssstyle@0.2.37
83 silly idealTree +-- d@0.1.1
83 silly idealTree +-- dashdash@1.14.1
83 silly idealTree | `-- assert-plus@1.0.0
83 silly idealTree +-- debug@2.6.0
83 silly idealTree +-- decamelize@1.2.0
83 silly idealTree +-- deep-is@0.1.3
83 silly idealTree +-- default-require-extensions@1.0.0
83 silly idealTree | `-- strip-bom@2.0.0
83 silly idealTree +-- del@2.2.2
83 silly idealTree +-- delayed-stream@1.0.0
83 silly idealTree +-- detect-indent@4.0.0
83 silly idealTree +-- diff@3.2.0
83 silly idealTree +-- doctrine@1.5.0
83 silly idealTree +-- ecc-jsbn@0.1.1
83 silly idealTree +-- electron-to-chromium@1.2.0
83 silly idealTree +-- errno@0.1.4
83 silly idealTree +-- error-ex@1.3.0
83 silly idealTree +-- es5-ext@0.10.12
83 silly idealTree +-- es6-iterator@2.0.0
83 silly idealTree +-- es6-map@0.1.4
83 silly idealTree +-- es6-set@0.1.4
83 silly idealTree +-- es6-symbol@3.1.0
83 silly idealTree +-- es6-weak-map@2.0.1
83 silly idealTree +-- escape-string-regexp@1.0.5
83 silly idealTree +-- escodegen@1.8.1
83 silly idealTree | +-- estraverse@1.9.3
83 silly idealTree | `-- source-map@0.2.0
83 silly idealTree +-- escope@3.6.0
83 silly idealTree +-- eslint-config-airbnb-base@11.0.1
83 silly idealTree +-- eslint-config-airbnb@14.0.0
83 silly idealTree +-- eslint-import-resolver-node@0.2.3
83 silly idealTree +-- eslint-module-utils@2.0.0
83 silly idealTree | +-- debug@2.2.0
83 silly idealTree | `-- ms@0.7.1
83 silly idealTree +-- eslint-plugin-flowtype@2.30.0
83 silly idealTree +-- eslint-plugin-import@2.2.0
83 silly idealTree +-- eslint@3.14.0
83 silly idealTree | `-- user-home@2.0.0
83 silly idealTree +-- espree@3.3.2
83 silly idealTree +-- esprima@2.7.3
83 silly idealTree +-- esrecurse@4.1.0
83 silly idealTree | `-- estraverse@4.1.1
83 silly idealTree +-- estraverse@4.2.0
83 silly idealTree +-- esutils@2.0.2
83 silly idealTree +-- event-emitter@0.3.4
83 silly idealTree +-- exec-sh@0.2.0
83 silly idealTree +-- exit-hook@1.1.1
83 silly idealTree +-- expand-brackets@0.1.5
83 silly idealTree +-- expand-range@1.8.2
83 silly idealTree +-- extend@3.0.0
83 silly idealTree +-- extglob@0.3.2
83 silly idealTree +-- extsprintf@1.0.2
83 silly idealTree +-- fast-levenshtein@2.0.6
83 silly idealTree +-- fb-watchman@1.9.0
83 silly idealTree +-- figures@1.7.0
83 silly idealTree +-- file-entry-cache@2.0.0
83 silly idealTree +-- filename-regex@2.0.0
83 silly idealTree +-- fileset@2.0.3
83 silly idealTree +-- fill-range@2.2.3
83 silly idealTree +-- find-up@1.1.2
83 silly idealTree +-- flat-cache@1.2.2
83 silly idealTree +-- flow-bin@0.38.0
83 silly idealTree +-- flow-typed@2.0.0
83 silly idealTree | +-- rx-lite@4.0.8
83 silly idealTree | `-- table@3.7.8
83 silly idealTree +-- for-in@0.1.6
83 silly idealTree +-- for-own@0.1.4
83 silly idealTree +-- forever-agent@0.6.1
83 silly idealTree +-- form-data@2.1.2
83 silly idealTree +-- fs-readdir-recursive@1.0.0
83 silly idealTree +-- fs.realpath@1.0.0
83 silly idealTree +-- function-bind@1.1.0
83 silly idealTree +-- generate-function@2.0.0
83 silly idealTree +-- generate-object-property@1.2.0
83 silly idealTree +-- get-caller-file@1.0.2
83 silly idealTree +-- getpass@0.1.6
83 silly idealTree | `-- assert-plus@1.0.0
83 silly idealTree +-- github@0.2.4
83 silly idealTree +-- glob-base@0.3.0
83 silly idealTree +-- glob-parent@2.0.0
83 silly idealTree +-- glob@7.1.1
83 silly idealTree +-- globals@9.14.0
83 silly idealTree +-- globby@5.0.0
83 silly idealTree +-- graceful-fs@4.1.11
83 silly idealTree +-- graceful-readlink@1.0.1
83 silly idealTree +-- growly@1.3.0
83 silly idealTree +-- handlebars@4.0.6
83 silly idealTree | +-- async@1.5.2
83 silly idealTree | `-- source-map@0.4.4
83 silly idealTree +-- har-validator@2.0.6
83 silly idealTree +-- has-ansi@2.0.0
83 silly idealTree +-- has-flag@1.0.0
83 silly idealTree +-- has@1.0.1
83 silly idealTree +-- hawk@3.1.3
83 silly idealTree +-- hoek@2.16.3
83 silly idealTree +-- home-or-tmp@2.0.0
83 silly idealTree +-- hosted-git-info@2.1.5
83 silly idealTree +-- html-encoding-sniffer@1.0.1
83 silly idealTree +-- http-signature@1.1.1
83 silly idealTree +-- iconv-lite@0.4.15
83 silly idealTree +-- ignore@3.2.0
83 silly idealTree +-- imurmurhash@0.1.4
83 silly idealTree +-- inflight@1.0.6
83 silly idealTree +-- inherits@2.0.3
83 silly idealTree +-- ini@1.3.4
83 silly idealTree +-- inquirer@0.12.0
83 silly idealTree +-- interpret@1.0.1
83 silly idealTree +-- invariant@2.2.2
83 silly idealTree +-- invert-kv@1.0.0
83 silly idealTree +-- is-arrayish@0.2.1
83 silly idealTree +-- is-binary-path@1.0.1
83 silly idealTree +-- is-buffer@1.1.4
83 silly idealTree +-- is-builtin-module@1.0.0
83 silly idealTree +-- is-ci@1.0.10
83 silly idealTree +-- is-dotfile@1.0.2
83 silly idealTree +-- is-equal-shallow@0.1.3
83 silly idealTree +-- is-extendable@0.1.1
83 silly idealTree +-- is-extglob@1.0.0
83 silly idealTree +-- is-finite@1.0.2
83 silly idealTree +-- is-fullwidth-code-point@1.0.0
83 silly idealTree +-- is-glob@2.0.1
83 silly idealTree +-- is-my-json-valid@2.15.0
83 silly idealTree +-- is-number@2.1.0
83 silly idealTree +-- is-path-cwd@1.0.0
83 silly idealTree +-- is-path-in-cwd@1.0.0
83 silly idealTree +-- is-path-inside@1.0.0
83 silly idealTree +-- is-posix-bracket@0.1.1
83 silly idealTree +-- is-primitive@2.0.0
83 silly idealTree +-- is-property@1.0.2
83 silly idealTree +-- is-resolvable@1.0.0
83 silly idealTree +-- is-typedarray@1.0.0
83 silly idealTree +-- is-utf8@0.2.1
83 silly idealTree +-- isarray@1.0.0
83 silly idealTree +-- isexe@1.1.2
83 silly idealTree +-- isobject@2.1.0
83 silly idealTree +-- isstream@0.1.2
83 silly idealTree +-- istanbul-api@1.1.1
83 silly idealTree +-- istanbul-lib-coverage@1.0.1
83 silly idealTree +-- istanbul-lib-hook@1.0.0
83 silly idealTree +-- istanbul-lib-instrument@1.4.2
83 silly idealTree +-- istanbul-lib-report@1.0.0-alpha.3
83 silly idealTree | +-- async@1.5.2
83 silly idealTree | `-- supports-color@3.2.3
83 silly idealTree +-- istanbul-lib-source-maps@1.1.0
83 silly idealTree +-- istanbul-reports@1.0.0
83 silly idealTree +-- jest-changed-files@17.0.2
83 silly idealTree +-- jest-config@18.1.0
83 silly idealTree +-- jest-diff@18.1.0
83 silly idealTree +-- jest-environment-jsdom@18.1.0
83 silly idealTree +-- jest-environment-node@18.1.0
83 silly idealTree +-- jest-file-exists@17.0.0
83 silly idealTree +-- jest-haste-map@18.1.0
83 silly idealTree +-- jest-jasmine2@18.1.0
83 silly idealTree +-- jest-matcher-utils@18.1.0
83 silly idealTree +-- jest-matchers@18.1.0
83 silly idealTree +-- jest-mock@18.0.0
83 silly idealTree +-- jest-resolve-dependencies@18.1.0
83 silly idealTree +-- jest-resolve@18.1.0
83 silly idealTree +-- jest-runtime@18.1.0
83 silly idealTree | +-- yargs-parser@4.2.1
83 silly idealTree | `-- yargs@6.6.0
83 silly idealTree +-- jest-snapshot@18.1.0
83 silly idealTree +-- jest-util@18.1.0
83 silly idealTree +-- jest@18.1.0
83 silly idealTree | +-- callsites@2.0.0
83 silly idealTree | +-- jest-cli@18.1.0
83 silly idealTree | +-- yargs-parser@4.2.1
83 silly idealTree | `-- yargs@6.6.0
83 silly idealTree +-- jodid25519@1.0.2
83 silly idealTree +-- js-tokens@3.0.0
83 silly idealTree +-- js-yaml@3.7.0
83 silly idealTree +-- jsbn@0.1.0
83 silly idealTree +-- jsdom@9.9.1
83 silly idealTree | `-- acorn@2.7.0
83 silly idealTree +-- jsesc@1.3.0
83 silly idealTree +-- json-schema@0.2.3
83 silly idealTree +-- json-stable-stringify@1.0.1
83 silly idealTree +-- json-stringify-safe@5.0.1
83 silly idealTree +-- json5@0.5.1
83 silly idealTree +-- jsonify@0.0.0
83 silly idealTree +-- jsonpointer@4.0.1
83 silly idealTree +-- jsprim@1.3.1
83 silly idealTree +-- kind-of@3.1.0
83 silly idealTree +-- lazy-cache@1.0.4
83 silly idealTree +-- lcid@1.0.0
83 silly idealTree +-- levn@0.3.0
83 silly idealTree +-- load-json-file@1.1.0
83 silly idealTree | `-- strip-bom@2.0.0
83 silly idealTree +-- lodash._arraycopy@3.0.0
83 silly idealTree +-- lodash._arrayeach@3.0.0
83 silly idealTree +-- lodash._baseassign@3.2.0
83 silly idealTree +-- lodash._baseclone@3.3.0
83 silly idealTree +-- lodash._basecopy@3.0.1
83 silly idealTree +-- lodash._basefor@3.0.3
83 silly idealTree +-- lodash._bindcallback@3.0.1
83 silly idealTree +-- lodash._getnative@3.9.1
83 silly idealTree +-- lodash.assign@4.2.0
83 silly idealTree +-- lodash.clonedeep@3.0.2
83 silly idealTree +-- lodash.cond@4.5.2
83 silly idealTree +-- lodash.isarguments@3.1.0
83 silly idealTree +-- lodash.isarray@3.0.4
83 silly idealTree +-- lodash.keys@3.1.2
83 silly idealTree +-- lodash.pickby@4.6.0
83 silly idealTree +-- lodash@4.17.4
83 silly idealTree +-- longest@1.0.1
83 silly idealTree +-- loose-envify@1.3.1
83 silly idealTree +-- makeerror@1.0.11
83 silly idealTree +-- marked-terminal@1.7.0
83 silly idealTree +-- marked@0.3.6
83 silly idealTree +-- md5@2.2.1
83 silly idealTree +-- merge@1.2.0
83 silly idealTree +-- micromatch@2.3.11
83 silly idealTree +-- mime-db@1.26.0
83 silly idealTree +-- mime-types@2.1.14
83 silly idealTree +-- mime@1.3.4
83 silly idealTree +-- minimatch@3.0.3
83 silly idealTree +-- minimist@0.0.8
83 silly idealTree +-- mkdirp@0.5.1
83 silly idealTree +-- ms@0.7.2
83 silly idealTree +-- mute-stream@0.0.5
83 silly idealTree +-- natural-compare@1.4.0
83 silly idealTree +-- node-emoji@1.5.1
83 silly idealTree +-- node-int64@0.4.0
83 silly idealTree +-- node-notifier@4.6.1
83 silly idealTree | `-- minimist@1.2.0
83 silly idealTree +-- normalize-package-data@2.3.5
83 silly idealTree +-- normalize-path@2.0.1
83 silly idealTree +-- number-is-nan@1.0.1
83 silly idealTree +-- nwmatcher@1.3.9
83 silly idealTree +-- oauth-sign@0.8.2
83 silly idealTree +-- object-assign@4.1.1
83 silly idealTree +-- object.omit@2.0.1
83 silly idealTree +-- once@1.4.0
83 silly idealTree +-- onetime@1.1.0
83 silly idealTree +-- optimist@0.6.1
83 silly idealTree | `-- wordwrap@0.0.3
83 silly idealTree +-- optionator@0.8.2
83 silly idealTree +-- os-homedir@1.0.2
83 silly idealTree +-- os-locale@1.4.0
83 silly idealTree +-- os-tmpdir@1.0.2
83 silly idealTree +-- output-file-sync@1.1.2
83 silly idealTree +-- parse-glob@3.0.4
83 silly idealTree +-- parse-json@2.2.0
83 silly idealTree +-- parse5@1.5.1
83 silly idealTree +-- path-exists@2.1.0
83 silly idealTree +-- path-is-absolute@1.0.1
83 silly idealTree +-- path-is-inside@1.0.2
83 silly idealTree +-- path-parse@1.0.5
83 silly idealTree +-- path-type@1.1.0
83 silly idealTree +-- pify@2.3.0
83 silly idealTree +-- pinkie-promise@2.0.1
83 silly idealTree +-- pinkie@2.0.4
83 silly idealTree +-- pkg-dir@1.0.0
83 silly idealTree +-- pkg-up@1.0.0
83 silly idealTree +-- pluralize@1.2.1
83 silly idealTree +-- prelude-ls@1.1.2
83 silly idealTree +-- preserve@0.2.0
83 silly idealTree +-- pretty-format@18.1.0
83 silly idealTree +-- private@0.1.6
83 silly idealTree +-- process-nextick-args@1.0.7
83 silly idealTree +-- progress@1.1.8
83 silly idealTree +-- prr@0.0.0
83 silly idealTree +-- punycode@1.4.1
83 silly idealTree +-- qs@6.3.0
83 silly idealTree +-- randomatic@1.1.6
83 silly idealTree +-- read-pkg-up@1.0.1
83 silly idealTree +-- read-pkg@1.1.0
83 silly idealTree +-- readable-stream@2.2.2
83 silly idealTree +-- readdirp@2.1.0
83 silly idealTree +-- readline-sync@1.4.5
83 silly idealTree +-- readline2@1.0.1
83 silly idealTree +-- rechoir@0.6.2
83 silly idealTree +-- redeyed@1.0.1
83 silly idealTree | `-- esprima@3.0.0
83 silly idealTree +-- regenerate@1.3.2
83 silly idealTree +-- regenerator-runtime@0.10.1
83 silly idealTree +-- regenerator-transform@0.9.8
83 silly idealTree +-- regex-cache@0.4.3
83 silly idealTree +-- regexpu-core@2.0.0
83 silly idealTree +-- regjsgen@0.2.0
83 silly idealTree +-- regjsparser@0.1.5
83 silly idealTree | `-- jsesc@0.5.0
83 silly idealTree +-- repeat-element@1.1.2
83 silly idealTree +-- repeat-string@1.6.1
83 silly idealTree +-- repeating@2.0.1
83 silly idealTree +-- request@2.79.0
83 silly idealTree +-- require-directory@2.1.1
83 silly idealTree +-- require-main-filename@1.0.1
83 silly idealTree +-- require-uncached@1.0.3
83 silly idealTree +-- resolve-from@1.0.1
83 silly idealTree +-- resolve@1.2.0
83 silly idealTree +-- restore-cursor@1.0.1
83 silly idealTree +-- right-align@0.1.3
83 silly idealTree +-- rimraf@2.5.4
83 silly idealTree +-- run-async@0.1.0
83 silly idealTree +-- rx-lite@3.1.2
83 silly idealTree +-- sane@1.4.1
83 silly idealTree | `-- minimist@1.2.0
83 silly idealTree +-- sax@1.2.1
83 silly idealTree +-- semver@5.3.0
83 silly idealTree +-- set-blocking@2.0.0
83 silly idealTree +-- set-immediate-shim@1.0.1
83 silly idealTree +-- shelljs@0.7.6
83 silly idealTree +-- shellwords@0.1.0
83 silly idealTree +-- slash@1.0.0
83 silly idealTree +-- slice-ansi@0.0.4
83 silly idealTree +-- sntp@1.0.9
83 silly idealTree +-- source-map-support@0.4.10
83 silly idealTree +-- source-map@0.5.6
83 silly idealTree +-- spdx-correct@1.0.2
83 silly idealTree +-- spdx-expression-parse@1.0.4
83 silly idealTree +-- spdx-license-ids@1.2.2
83 silly idealTree +-- sprintf-js@1.0.3
83 silly idealTree +-- sshpk@1.10.2
83 silly idealTree | `-- assert-plus@1.0.0
83 silly idealTree +-- string_decoder@0.10.31
83 silly idealTree +-- string-width@1.0.2
83 silly idealTree +-- string.prototype.codepointat@0.2.0
83 silly idealTree +-- stringstream@0.0.5
83 silly idealTree +-- strip-ansi@3.0.1
83 silly idealTree +-- strip-bom@3.0.0
83 silly idealTree +-- strip-json-comments@2.0.1
83 silly idealTree +-- supports-color@2.0.0
83 silly idealTree +-- symbol-tree@3.2.1
83 silly idealTree +-- table@3.8.3
83 silly idealTree | +-- is-fullwidth-code-point@2.0.0
83 silly idealTree | `-- string-width@2.0.0
83 silly idealTree +-- test-exclude@3.3.0
83 silly idealTree +-- text-table@0.2.0
83 silly idealTree +-- throat@3.0.0
83 silly idealTree +-- through@2.3.8
83 silly idealTree +-- tmpl@1.0.4
83 silly idealTree +-- to-fast-properties@1.0.2
83 silly idealTree +-- tough-cookie@2.3.2
83 silly idealTree +-- tr46@0.0.3
83 silly idealTree +-- tryit@1.0.3
83 silly idealTree +-- tunnel-agent@0.4.3
83 silly idealTree +-- tv4@1.2.7
83 silly idealTree +-- tweetnacl@0.14.5
83 silly idealTree +-- type-check@0.3.2
83 silly idealTree +-- typedarray@0.0.6
83 silly idealTree +-- uglify-js@2.7.5
83 silly idealTree | +-- async@0.2.10
83 silly idealTree | +-- camelcase@1.2.1
83 silly idealTree | +-- cliui@2.1.0
83 silly idealTree | +-- window-size@0.1.0
83 silly idealTree | +-- wordwrap@0.0.2
83 silly idealTree | `-- yargs@3.10.0
83 silly idealTree +-- uglify-to-browserify@1.0.2
83 silly idealTree +-- user-home@1.1.1
83 silly idealTree +-- util-deprecate@1.0.2
83 silly idealTree +-- uuid@3.0.1
83 silly idealTree +-- v8flags@2.0.11
83 silly idealTree +-- validate-npm-package-license@3.0.1
83 silly idealTree +-- verror@1.3.6
83 silly idealTree +-- walker@1.0.7
83 silly idealTree +-- watch@0.10.0
83 silly idealTree +-- webidl-conversions@3.0.1
83 silly idealTree +-- whatwg-encoding@1.0.1
83 silly idealTree | `-- iconv-lite@0.4.13
83 silly idealTree +-- whatwg-url@4.3.0
83 silly idealTree +-- which-module@1.0.0
83 silly idealTree +-- which@1.2.12
83 silly idealTree +-- window-size@0.2.0
83 silly idealTree +-- wordwrap@1.0.0
83 silly idealTree +-- worker-farm@1.3.1
83 silly idealTree +-- wrap-ansi@2.1.0
83 silly idealTree +-- wrappy@1.0.2
83 silly idealTree +-- write@0.2.1
83 silly idealTree +-- xml-name-validator@2.0.1
83 silly idealTree +-- xregexp@3.1.1
83 silly idealTree +-- xtend@4.0.1
83 silly idealTree +-- y18n@3.2.1
83 silly idealTree +-- yargs-parser@2.4.1
83 silly idealTree `-- yargs@4.8.1
84 silly generateActionsToTake Starting
85 silly install generateActionsToTake
86 silly generateActionsToTake Finishing
87 silly diffTrees action count 1
88 silly diffTrees add ini@1.3.4
89 silly decomposeActions action count 8
90 silly decomposeActions fetch ini@1.3.4
91 silly decomposeActions extract ini@1.3.4
92 silly decomposeActions test ini@1.3.4
93 silly decomposeActions preinstall ini@1.3.4
94 silly decomposeActions build ini@1.3.4
95 silly decomposeActions install ini@1.3.4
96 silly decomposeActions postinstall ini@1.3.4
97 silly decomposeActions finalize ini@1.3.4
98 silly executeActions Starting
99 silly install executeActions
100 silly doSerial global-install 0
101 silly doParallel fetch 1
102 verbose correctMkdir C:\Users\User\AppData\Roaming\npm-cache\_locks correctMkdir not in flight; initializing
103 verbose lock using C:\Users\User\AppData\Roaming\npm-cache\_locks\staging-fc00a3b9e4f56558.lock for D:\hexlet\projects\project-lvl2-s13\node_modules\.staging
104 silly doParallel extract 1
105 silly extract ini@1.3.4
106 verbose unbuild node_modules\.staging\ini-2b179833
107 silly gentlyRm D:\hexlet\projects\project-lvl2-s13\node_modules\.staging\ini-2b179833 is being purged from base D:\hexlet\projects\project-lvl2-s13
108 verbose gentlyRm don't care about contents; nuking D:\hexlet\projects\project-lvl2-s13\node_modules\.staging\ini-2b179833
109 verbose tar unpack C:\Users\User\AppData\Roaming\npm-cache\ini\1.3.4\package.tgz
110 verbose tar unpacking to D:\hexlet\projects\project-lvl2-s13\node_modules\.staging\ini-2b179833
111 silly gentlyRm D:\hexlet\projects\project-lvl2-s13\node_modules\.staging\ini-2b179833 is being purged
112 verbose gentlyRm don't care about contents; nuking D:\hexlet\projects\project-lvl2-s13\node_modules\.staging\ini-2b179833
113 silly gunzTarPerm modes [ '777', '666' ]
114 silly gunzTarPerm extractEntry package.json
115 silly gunzTarPerm modified mode [ 'package.json', 420, 438 ]
116 silly gunzTarPerm extractEntry README.md
117 silly gunzTarPerm modified mode [ 'README.md', 420, 438 ]
118 silly gunzTarPerm extractEntry LICENSE
119 silly gunzTarPerm modified mode [ 'LICENSE', 420, 438 ]
120 silly gunzTarPerm extractEntry ini.js
121 silly gunzTarPerm modified mode [ 'ini.js', 420, 438 ]
122 silly gentlyRm D:\hexlet\projects\project-lvl2-s13\node_modules\.staging\ini-2b179833\node_modules is being purged
123 verbose gentlyRm don't care about contents; nuking D:\hexlet\projects\project-lvl2-s13\node_modules\.staging\ini-2b179833\node_modules
124 silly doParallel preinstall 1
125 silly preinstall ini@1.3.4 D:\hexlet\projects\project-lvl2-s13\node_modules\.staging\ini-2b179833
126 info lifecycle ini@1.3.4~preinstall: ini@1.3.4
127 silly lifecycle ini@1.3.4~preinstall: no script for preinstall, continuing
128 silly doReverseSerial remove 0
129 silly doSerial move 0
130 silly doSerial finalize 1
131 silly finalize D:\hexlet\projects\project-lvl2-s13\node_modules\ini
132 silly doSerial build 1
133 silly build ini@1.3.4
134 info linkStuff ini@1.3.4
135 silly linkStuff ini@1.3.4 has D:\hexlet\projects\project-lvl2-s13\node_modules as its parent node_modules
136 verbose linkBins ini@1.3.4
137 verbose linkMans ini@1.3.4
138 silly doSerial global-link 0
139 silly doParallel update-linked 0
140 silly doSerial install 1
141 silly install ini@1.3.4 D:\hexlet\projects\project-lvl2-s13\node_modules\.staging\ini-2b179833
142 info lifecycle ini@1.3.4~install: ini@1.3.4
143 silly lifecycle ini@1.3.4~install: no script for install, continuing
144 silly doSerial postinstall 1
145 silly postinstall ini@1.3.4 D:\hexlet\projects\project-lvl2-s13\node_modules\.staging\ini-2b179833
146 info lifecycle ini@1.3.4~postinstall: ini@1.3.4
147 silly lifecycle ini@1.3.4~postinstall: no script for postinstall, continuing
148 verbose unlock done using C:\Users\User\AppData\Roaming\npm-cache\_locks\staging-fc00a3b9e4f56558.lock for D:\hexlet\projects\project-lvl2-s13\node_modules\.staging
149 silly executeActions Finishing
150 silly rollbackFailedOptional Starting
151 silly rollbackFailedOptional Finishing
152 silly runTopLevelLifecycles Starting
153 silly install runTopLevelLifecycles
154 silly preinstall lazy-differ@0.0.1 D:\hexlet\projects\project-lvl2-s13\lazy-differ-28d46302
155 info lifecycle lazy-differ@0.0.1~preinstall: lazy-differ@0.0.1
156 silly lifecycle lazy-differ@0.0.1~preinstall: no script for preinstall, continuing
157 silly build lazy-differ@0.0.1
158 info linkStuff lazy-differ@0.0.1
159 silly linkStuff lazy-differ@0.0.1 has D:\hexlet\projects as its parent node_modules
160 verbose linkBins lazy-differ@0.0.1
161 verbose linkMans lazy-differ@0.0.1
162 silly install lazy-differ@0.0.1 D:\hexlet\projects\project-lvl2-s13\lazy-differ-28d46302
163 info lifecycle lazy-differ@0.0.1~install: lazy-differ@0.0.1
164 silly lifecycle lazy-differ@0.0.1~install: no script for install, continuing
165 silly postinstall lazy-differ@0.0.1 D:\hexlet\projects\project-lvl2-s13\lazy-differ-28d46302
166 info lifecycle lazy-differ@0.0.1~postinstall: lazy-differ@0.0.1
167 silly lifecycle lazy-differ@0.0.1~postinstall: no script for postinstall, continuing
168 silly prepublish lazy-differ@0.0.1 D:\hexlet\projects\project-lvl2-s13\lazy-differ-28d46302
169 info lifecycle lazy-differ@0.0.1~prepublish: lazy-differ@0.0.1
170 verbose lifecycle lazy-differ@0.0.1~prepublish: unsafe-perm in lifecycle true
171 verbose lifecycle lazy-differ@0.0.1~prepublish: PATH: C:\Program Files\nodejs\node_modules\npm\bin\node-gyp-bin;D:\hexlet\projects\project-lvl2-s13\node_modules\.bin;C:\Program Files\nodejs;C:\Program Files\ConEmu\ConEmu\Scripts;C:\Program Files\ConEmu;C:\Program Files\ConEmu\ConEmu;C:\Windows\system32;C:\Windows;C:\Windows\System32\Wbem;C:\Windows\System32\WindowsPowerShell\v1.0\;C:\Program Files\nodejs\;C:\exercism;C:\ProgramData\chocolatey\bin;C:\HashiCorp\Vagrant\bin;C:\Program Files\Git\cmd;C:\Users\User\AppData\Roaming\npm;C:\Program Files\Oracle\VirtualBox;C:\Users\User\AppData\Local\atom\bin
172 verbose lifecycle lazy-differ@0.0.1~prepublish: CWD: D:\hexlet\projects\project-lvl2-s13
173 silly lifecycle lazy-differ@0.0.1~prepublish: Args: [ '/d /s /c', 'npm run build' ]
174 silly lifecycle lazy-differ@0.0.1~prepublish: Returned: code: 1  signal: null
175 info lifecycle lazy-differ@0.0.1~prepublish: Failed to exec prepublish script
176 warn optional Skipping failed optional dependency /chokidar/fsevents:
177 warn notsup Not compatible with your operating system or architecture: fsevents@1.0.17
178 warn eslint-config-airbnb@14.0.0 requires a peer of eslint-plugin-jsx-a11y@^3.0.2 but none was installed.
179 warn eslint-config-airbnb@14.0.0 requires a peer of eslint-plugin-react@^6.9.0 but none was installed.
180 verbose stack Error: lazy-differ@0.0.1 prepublish: `npm run build`
180 verbose stack Exit status 1
180 verbose stack     at EventEmitter.<anonymous> (C:\Program Files\nodejs\node_modules\npm\lib\utils\lifecycle.js:245:16)
180 verbose stack     at emitTwo (events.js:106:13)
180 verbose stack     at EventEmitter.emit (events.js:191:7)
180 verbose stack     at ChildProcess.<anonymous> (C:\Program Files\nodejs\node_modules\npm\lib\utils\spawn.js:24:14)
180 verbose stack     at emitTwo (events.js:106:13)
180 verbose stack     at ChildProcess.emit (events.js:191:7)
180 verbose stack     at maybeClose (internal/child_process.js:850:16)
180 verbose stack     at Process.ChildProcess._handle.onexit (internal/child_process.js:215:5)
181 verbose pkgid lazy-differ@0.0.1
182 verbose cwd D:\hexlet\projects\project-lvl2-s13
183 error Windows_NT 6.1.7601
184 error argv "C:\\Program Files\\nodejs\\node.exe" "C:\\Program Files\\nodejs\\node_modules\\npm\\bin\\npm-cli.js" "install"
185 error node v6.2.0
186 error npm  v3.8.9
187 error code ELIFECYCLE
188 error lazy-differ@0.0.1 prepublish: `npm run build`
188 error Exit status 1
189 error Failed at the lazy-differ@0.0.1 prepublish script 'npm run build'.
189 error Make sure you have the latest version of node.js and npm installed.
189 error If you do, this is most likely a problem with the lazy-differ package,
189 error not with npm itself.
189 error Tell the author that this fails on your system:
189 error     npm run build
189 error You can get information on how to open an issue for this project with:
189 error     npm bugs lazy-differ
189 error Or if that isn't available, you can get their info via:
189 error     npm owner ls lazy-differ
189 error There is likely additional logging output above.
190 verbose exit [ 1, true ]
